# JRE version: OpenJDK Runtime Environment (8.0_212-b04) (build 1.8.0_212-release-1586-b04)
# Java VM: OpenJDK 64-Bit Server VM (25.212-b04 mixed mode windows-amd64 compressed oops)
Heap:
 PSYoungGen      total 76800K, used 66560K [0x00000000e0000000, 0x00000000e6e00000, 0x0000000100000000)
  eden space 66560K, 100% used [0x00000000e0000000,0x00000000e4100000,0x00000000e4100000)
  from space 10240K, 0% used [0x00000000e4100000,0x00000000e4100000,0x00000000e4b00000)
  to   space 12288K, 23% used [0x00000000e6200000,0x00000000e64d12f0,0x00000000e6e00000)
 ParOldGen       total 59392K, used 17893K [0x00000000a0000000, 0x00000000a3a00000, 0x00000000e0000000)
  object space 59392K, 30% used [0x00000000a0000000,0x00000000a11796c8,0x00000000a3a00000)
 Metaspace       used 42454K, capacity 43382K, committed 43688K, reserved 1087488K
  class space    used 5745K, capacity 6023K, committed 6056K, reserved 1048576K
GC Heap History (10 events):
Event: 4.937 GC heap before
{Heap before GC invocations=7 (full 1):
 PSYoungGen      total 76288K, used 6962K [0x00000000e0000000, 0x00000000e5500000, 0x0000000100000000)
  eden space 66560K, 0% used [0x00000000e0000000,0x00000000e0000000,0x00000000e4100000)
  from space 9728K, 71% used [0x00000000e4b80000,0x00000000e524cbe0,0x00000000e5500000)
  to   space 10240K, 0% used [0x00000000e4100000,0x00000000e4100000,0x00000000e4b00000)
 ParOldGen       total 87552K, used 9052K [0x00000000a0000000, 0x00000000a5580000, 0x00000000e0000000)
  object space 87552K, 10% used [0x00000000a0000000,0x00000000a08d73b0,0x00000000a5580000)
 Metaspace       used 20620K, capacity 21128K, committed 21296K, reserved 1067008K
  class space    used 2943K, capacity 3120K, committed 3200K, reserved 1048576K
Event: 5.016 GC heap after
Heap after GC invocations=7 (full 1):
 PSYoungGen      total 76288K, used 0K [0x00000000e0000000, 0x00000000e5500000, 0x0000000100000000)
  eden space 66560K, 0% used [0x00000000e0000000,0x00000000e0000000,0x00000000e4100000)
  from space 9728K, 0% used [0x00000000e4b80000,0x00000000e4b80000,0x00000000e5500000)
  to   space 10240K, 0% used [0x00000000e4100000,0x00000000e4100000,0x00000000e4b00000)
 ParOldGen       total 59392K, used 8231K [0x00000000a0000000, 0x00000000a3a00000, 0x00000000e0000000)
  object space 59392K, 13% used [0x00000000a0000000,0x00000000a0809fd8,0x00000000a3a00000)
 Metaspace       used 20620K, capacity 21128K, committed 21296K, reserved 1067008K
  class space    used 2943K, capacity 3120K, committed 3200K, reserved 1048576K
}
Event: 6.532 GC heap before
{Heap before GC invocations=8 (full 1):
 PSYoungGen      total 76288K, used 66560K [0x00000000e0000000, 0x00000000e5500000, 0x0000000100000000)
  eden space 66560K, 100% used [0x00000000e0000000,0x00000000e4100000,0x00000000e4100000)
  from space 9728K, 0% used [0x00000000e4b80000,0x00000000e4b80000,0x00000000e5500000)
  to   space 10240K, 0% used [0x00000000e4100000,0x00000000e4100000,0x00000000e4b00000)
 ParOldGen       total 59392K, used 8231K [0x00000000a0000000, 0x00000000a3a00000, 0x00000000e0000000)
  object space 59392K, 13% used [0x00000000a0000000,0x00000000a0809fd8,0x00000000a3a00000)
 Metaspace       used 28941K, capacity 29508K, committed 29696K, reserved 1075200K
  class space    used 3910K, capacity 4093K, committed 4096K, reserved 1048576K
Event: 6.549 GC heap after
Heap after GC invocations=8 (full 1):
 PSYoungGen      total 76800K, used 8094K [0x00000000e0000000, 0x00000000e5500000, 0x0000000100000000)
  eden space 66560K, 0% used [0x00000000e0000000,0x00000000e0000000,0x00000000e4100000)
  from space 10240K, 79% used [0x00000000e4100000,0x00000000e48e78d0,0x00000000e4b00000)
  to   space 9728K, 0% used [0x00000000e4b80000,0x00000000e4b80000,0x00000000e5500000)
 ParOldGen       total 59392K, used 8239K [0x00000000a0000000, 0x00000000a3a00000, 0x00000000e0000000)
  object space 59392K, 13% used [0x00000000a0000000,0x00000000a080bfd8,0x00000000a3a00000)
 Metaspace       used 28941K, capacity 29508K, committed 29696K, reserved 1075200K
  class space    used 3910K, capacity 4093K, committed 4096K, reserved 1048576K
}
Event: 7.504 GC heap before
{Heap before GC invocations=9 (full 1):
 PSYoungGen      total 76800K, used 74654K [0x00000000e0000000, 0x00000000e5500000, 0x0000000100000000)
  eden space 66560K, 100% used [0x00000000e0000000,0x00000000e4100000,0x00000000e4100000)
  from space 10240K, 79% used [0x00000000e4100000,0x00000000e48e78d0,0x00000000e4b00000)
  to   space 9728K, 0% used [0x00000000e4b80000,0x00000000e4b80000,0x00000000e5500000)
 ParOldGen       total 59392K, used 8239K [0x00000000a0000000, 0x00000000a3a00000, 0x00000000e0000000)
  object space 59392K, 13% used [0x00000000a0000000,0x00000000a080bfd8,0x00000000a3a00000)
 Metaspace       used 32171K, capacity 32744K, committed 33152K, reserved 1077248K
  class space    used 4442K, capacity 4617K, committed 4736K, reserved 1048576K
Event: 7.516 GC heap after
Heap after GC invocations=9 (full 1):
 PSYoungGen      total 76288K, used 8628K [0x00000000e0000000, 0x00000000e5500000, 0x0000000100000000)
  eden space 66560K, 0% used [0x00000000e0000000,0x00000000e0000000,0x00000000e4100000)
  from space 9728K, 88% used [0x00000000e4b80000,0x00000000e53ed2e8,0x00000000e5500000)
  to   space 10240K, 0% used [0x00000000e4100000,0x00000000e4100000,0x00000000e4b00000)
 ParOldGen       total 59392K, used 8247K [0x00000000a0000000, 0x00000000a3a00000, 0x00000000e0000000)
  object space 59392K, 13% used [0x00000000a0000000,0x00000000a080dfd8,0x00000000a3a00000)
 Metaspace       used 32171K, capacity 32744K, committed 33152K, reserved 1077248K
  class space    used 4442K, capacity 4617K, committed 4736K, reserved 1048576K
}
Event: 8.533 GC heap before
{Heap before GC invocations=10 (full 1):
 PSYoungGen      total 76288K, used 64897K [0x00000000e0000000, 0x00000000e5500000, 0x0000000100000000)
  eden space 66560K, 84% used [0x00000000e0000000,0x00000000e36f3478,0x00000000e4100000)
  from space 9728K, 88% used [0x00000000e4b80000,0x00000000e53ed2e8,0x00000000e5500000)
  to   space 10240K, 0% used [0x00000000e4100000,0x00000000e4100000,0x00000000e4b00000)
 ParOldGen       total 59392K, used 8247K [0x00000000a0000000, 0x00000000a3a00000, 0x00000000e0000000)
  object space 59392K, 13% used [0x00000000a0000000,0x00000000a080dfd8,0x00000000a3a00000)
 Metaspace       used 34646K, capacity 35464K, committed 35496K, reserved 1079296K
  class space    used 4776K, capacity 5031K, committed 5032K, reserved 1048576K
Event: 8.545 GC heap after
Heap after GC invocations=10 (full 1):
 PSYoungGen      total 76800K, used 10215K [0x00000000e0000000, 0x00000000e6e00000, 0x0000000100000000)
  eden space 66560K, 0% used [0x00000000e0000000,0x00000000e0000000,0x00000000e4100000)
  from space 10240K, 99% used [0x00000000e4100000,0x00000000e4af9f58,0x00000000e4b00000)
  to   space 12288K, 0% used [0x00000000e6200000,0x00000000e6200000,0x00000000e6e00000)
 ParOldGen       total 59392K, used 8999K [0x00000000a0000000, 0x00000000a3a00000, 0x00000000e0000000)
  object space 59392K, 15% used [0x00000000a0000000,0x00000000a08c9e70,0x00000000a3a00000)
 Metaspace       used 34646K, capacity 35464K, committed 35496K, reserved 1079296K
  class space    used 4776K, capacity 5031K, committed 5032K, reserved 1048576K
}
Event: 8.545 GC heap before
{Heap before GC invocations=11 (full 2):
 PSYoungGen      total 76800K, used 10215K [0x00000000e0000000, 0x00000000e6e00000, 0x0000000100000000)
  eden space 66560K, 0% used [0x00000000e0000000,0x00000000e0000000,0x00000000e4100000)
  from space 10240K, 99% used [0x00000000e4100000,0x00000000e4af9f58,0x00000000e4b00000)
  to   space 12288K, 0% used [0x00000000e6200000,0x00000000e6200000,0x00000000e6e00000)
 ParOldGen       total 59392K, used 8999K [0x00000000a0000000, 0x00000000a3a00000, 0x00000000e0000000)
  object space 59392K, 15% used [0x00000000a0000000,0x00000000a08c9e70,0x00000000a3a00000)
 Metaspace       used 34646K, capacity 35464K, committed 35496K, reserved 1079296K
  class space    used 4776K, capacity 5031K, committed 5032K, reserved 1048576K
Event: 8.638 GC heap after
Heap after GC invocations=11 (full 2):
 PSYoungGen      total 76800K, used 0K [0x00000000e0000000, 0x00000000e6e00000, 0x0000000100000000)
  eden space 66560K, 0% used [0x00000000e0000000,0x00000000e0000000,0x00000000e4100000)
  from space 10240K, 0% used [0x00000000e4100000,0x00000000e4100000,0x00000000e4b00000)
  to   space 12288K, 0% used [0x00000000e6200000,0x00000000e6200000,0x00000000e6e00000)
 ParOldGen       total 59392K, used 17885K [0x00000000a0000000, 0x00000000a3a00000, 0x00000000e0000000)
  object space 59392K, 30% used [0x00000000a0000000,0x00000000a11776c8,0x00000000a3a00000)
 Metaspace       used 34625K, capacity 35392K, committed 35496K, reserved 1079296K
  class space    used 4769K, capacity 5019K, committed 5032K, reserved 1048576K
}

