# JRE version: OpenJDK Runtime Environment (8.0_212-b04) (build 1.8.0_212-release-1586-b04)
# Java VM: OpenJDK 64-Bit Server VM (25.212-b04 mixed mode windows-amd64 compressed oops)
Heap:
 PSYoungGen      total 99840K, used 27410K [0x00000000e0000000, 0x00000000e7080000, 0x0000000100000000)
  eden space 88064K, 19% used [0x00000000e0000000,0x00000000e1081488,0x00000000e5600000)
  from space 11776K, 89% used [0x00000000e6500000,0x00000000e6f435c8,0x00000000e7080000)
  to   space 13312K, 0% used [0x00000000e5680000,0x00000000e5680000,0x00000000e6380000)
 ParOldGen       total 56832K, used 27334K [0x00000000a0000000, 0x00000000a3780000, 0x00000000e0000000)
  object space 56832K, 48% used [0x00000000a0000000,0x00000000a1ab18c8,0x00000000a3780000)
 Metaspace       used 55774K, capacity 57410K, committed 57768K, reserved 1101824K
  class space    used 7613K, capacity 8053K, committed 8104K, reserved 1048576K
GC Heap History (10 events):
Event: 6.379 GC heap before
{Heap before GC invocations=10 (full 1):
 PSYoungGen      total 76288K, used 64673K [0x00000000e0000000, 0x00000000e8080000, 0x0000000100000000)
  eden space 66560K, 84% used [0x00000000e0000000,0x00000000e36d3590,0x00000000e4100000)
  from space 9728K, 87% used [0x00000000e4b80000,0x00000000e53d51a0,0x00000000e5500000)
  to   space 10752K, 0% used [0x00000000e4100000,0x00000000e4100000,0x00000000e4b80000)
 ParOldGen       total 56832K, used 8249K [0x00000000a0000000, 0x00000000a3780000, 0x00000000e0000000)
  object space 56832K, 14% used [0x00000000a0000000,0x00000000a080e698,0x00000000a3780000)
 Metaspace       used 34567K, capacity 35410K, committed 35496K, reserved 1079296K
  class space    used 4776K, capacity 5004K, committed 5032K, reserved 1048576K
Event: 6.389 GC heap after
Heap after GC invocations=10 (full 1):
 PSYoungGen      total 77312K, used 10725K [0x00000000e0000000, 0x00000000e7080000, 0x0000000100000000)
  eden space 66560K, 0% used [0x00000000e0000000,0x00000000e0000000,0x00000000e4100000)
  from space 10752K, 99% used [0x00000000e4100000,0x00000000e4b79650,0x00000000e4b80000)
  to   space 11776K, 0% used [0x00000000e6500000,0x00000000e6500000,0x00000000e7080000)
 ParOldGen       total 56832K, used 8363K [0x00000000a0000000, 0x00000000a3780000, 0x00000000e0000000)
  object space 56832K, 14% used [0x00000000a0000000,0x00000000a082adb8,0x00000000a3780000)
 Metaspace       used 34567K, capacity 35410K, committed 35496K, reserved 1079296K
  class space    used 4776K, capacity 5004K, committed 5032K, reserved 1048576K
}
Event: 6.389 GC heap before
{Heap before GC invocations=11 (full 2):
 PSYoungGen      total 77312K, used 10725K [0x00000000e0000000, 0x00000000e7080000, 0x0000000100000000)
  eden space 66560K, 0% used [0x00000000e0000000,0x00000000e0000000,0x00000000e4100000)
  from space 10752K, 99% used [0x00000000e4100000,0x00000000e4b79650,0x00000000e4b80000)
  to   space 11776K, 0% used [0x00000000e6500000,0x00000000e6500000,0x00000000e7080000)
 ParOldGen       total 56832K, used 8363K [0x00000000a0000000, 0x00000000a3780000, 0x00000000e0000000)
  object space 56832K, 14% used [0x00000000a0000000,0x00000000a082adb8,0x00000000a3780000)
 Metaspace       used 34567K, capacity 35410K, committed 35496K, reserved 1079296K
  class space    used 4776K, capacity 5004K, committed 5032K, reserved 1048576K
Event: 6.451 GC heap after
Heap after GC invocations=11 (full 2):
 PSYoungGen      total 77312K, used 0K [0x00000000e0000000, 0x00000000e7080000, 0x0000000100000000)
  eden space 66560K, 0% used [0x00000000e0000000,0x00000000e0000000,0x00000000e4100000)
  from space 10752K, 0% used [0x00000000e4100000,0x00000000e4100000,0x00000000e4b80000)
  to   space 11776K, 0% used [0x00000000e6500000,0x00000000e6500000,0x00000000e7080000)
 ParOldGen       total 56832K, used 17721K [0x00000000a0000000, 0x00000000a3780000, 0x00000000e0000000)
  object space 56832K, 31% used [0x00000000a0000000,0x00000000a114e658,0x00000000a3780000)
 Metaspace       used 34537K, capacity 35308K, committed 35496K, reserved 1079296K
  class space    used 4767K, capacity 4987K, committed 5032K, reserved 1048576K
}
Event: 7.198 GC heap before
{Heap before GC invocations=12 (full 2):
 PSYoungGen      total 77312K, used 66560K [0x00000000e0000000, 0x00000000e7080000, 0x0000000100000000)
  eden space 66560K, 100% used [0x00000000e0000000,0x00000000e4100000,0x00000000e4100000)
  from space 10752K, 0% used [0x00000000e4100000,0x00000000e4100000,0x00000000e4b80000)
  to   space 11776K, 0% used [0x00000000e6500000,0x00000000e6500000,0x00000000e7080000)
 ParOldGen       total 56832K, used 17721K [0x00000000a0000000, 0x00000000a3780000, 0x00000000e0000000)
  object space 56832K, 31% used [0x00000000a0000000,0x00000000a114e658,0x00000000a3780000)
 Metaspace       used 42453K, capacity 43390K, committed 43688K, reserved 1087488K
  class space    used 5746K, capacity 6023K, committed 6056K, reserved 1048576K
Event: 7.209 GC heap after
Heap after GC invocations=12 (full 2):
 PSYoungGen      total 99840K, used 11762K [0x00000000e0000000, 0x00000000e7080000, 0x0000000100000000)
  eden space 88064K, 0% used [0x00000000e0000000,0x00000000e0000000,0x00000000e5600000)
  from space 11776K, 99% used [0x00000000e6500000,0x00000000e707cbb0,0x00000000e7080000)
  to   space 13312K, 0% used [0x00000000e5680000,0x00000000e5680000,0x00000000e6380000)
 ParOldGen       total 56832K, used 17964K [0x00000000a0000000, 0x00000000a3780000, 0x00000000e0000000)
  object space 56832K, 31% used [0x00000000a0000000,0x00000000a118b230,0x00000000a3780000)
 Metaspace       used 42453K, capacity 43390K, committed 43688K, reserved 1087488K
  class space    used 5746K, capacity 6023K, committed 6056K, reserved 1048576K
}
Event: 8.692 GC heap before
{Heap before GC invocations=13 (full 2):
 PSYoungGen      total 99840K, used 99826K [0x00000000e0000000, 0x00000000e7080000, 0x0000000100000000)
  eden space 88064K, 100% used [0x00000000e0000000,0x00000000e5600000,0x00000000e5600000)
  from space 11776K, 99% used [0x00000000e6500000,0x00000000e707cbb0,0x00000000e7080000)
  to   space 13312K, 0% used [0x00000000e5680000,0x00000000e5680000,0x00000000e6380000)
 ParOldGen       total 56832K, used 17964K [0x00000000a0000000, 0x00000000a3780000, 0x00000000e0000000)
  object space 56832K, 31% used [0x00000000a0000000,0x00000000a118b230,0x00000000a3780000)
 Metaspace       used 48624K, capacity 49926K, committed 49960K, reserved 1091584K
  class space    used 6582K, capacity 6946K, committed 6952K, reserved 1048576K
Event: 8.712 GC heap after
Heap after GC invocations=13 (full 2):
 PSYoungGen      total 101376K, used 10131K [0x00000000e0000000, 0x00000000e7080000, 0x0000000100000000)
  eden space 88064K, 0% used [0x00000000e0000000,0x00000000e0000000,0x00000000e5600000)
  from space 13312K, 76% used [0x00000000e5680000,0x00000000e6064ed0,0x00000000e6380000)
  to   space 11776K, 0% used [0x00000000e6500000,0x00000000e6500000,0x00000000e7080000)
 ParOldGen       total 56832K, used 21932K [0x00000000a0000000, 0x00000000a3780000, 0x00000000e0000000)
  object space 56832K, 38% used [0x00000000a0000000,0x00000000a156b028,0x00000000a3780000)
 Metaspace       used 48624K, capacity 49926K, committed 49960K, reserved 1091584K
  class space    used 6582K, capacity 6946K, committed 6952K, reserved 1048576K
}
Event: 10.527 GC heap before
{Heap before GC invocations=14 (full 2):
 PSYoungGen      total 101376K, used 98195K [0x00000000e0000000, 0x00000000e7080000, 0x0000000100000000)
  eden space 88064K, 100% used [0x00000000e0000000,0x00000000e5600000,0x00000000e5600000)
  from space 13312K, 76% used [0x00000000e5680000,0x00000000e6064ed0,0x00000000e6380000)
  to   space 11776K, 0% used [0x00000000e6500000,0x00000000e6500000,0x00000000e7080000)
 ParOldGen       total 56832K, used 21932K [0x00000000a0000000, 0x00000000a3780000, 0x00000000e0000000)
  object space 56832K, 38% used [0x00000000a0000000,0x00000000a156b028,0x00000000a3780000)
 Metaspace       used 54515K, capacity 56090K, committed 56232K, reserved 1097728K
  class space    used 7400K, capacity 7817K, committed 7848K, reserved 1048576K
Event: 10.537 GC heap after
Heap after GC invocations=14 (full 2):
 PSYoungGen      total 99840K, used 10509K [0x00000000e0000000, 0x00000000e7080000, 0x0000000100000000)
  eden space 88064K, 0% used [0x00000000e0000000,0x00000000e0000000,0x00000000e5600000)
  from space 11776K, 89% used [0x00000000e6500000,0x00000000e6f435c8,0x00000000e7080000)
  to   space 13312K, 0% used [0x00000000e5680000,0x00000000e5680000,0x00000000e6380000)
 ParOldGen       total 56832K, used 27334K [0x00000000a0000000, 0x00000000a3780000, 0x00000000e0000000)
  object space 56832K, 48% used [0x00000000a0000000,0x00000000a1ab18c8,0x00000000a3780000)
 Metaspace       used 54515K, capacity 56090K, committed 56232K, reserved 1097728K
  class space    used 7400K, capacity 7817K, committed 7848K, reserved 1048576K
}

