# JRE version: OpenJDK Runtime Environment (8.0_212-b04) (build 1.8.0_212-release-1586-b04)
# Java VM: OpenJDK 64-Bit Server VM (25.212-b04 mixed mode windows-amd64 compressed oops)
Heap:
 PSYoungGen      total 98816K, used 19519K [0x00000000e0000000, 0x00000000e7200000, 0x0000000100000000)
  eden space 84992K, 11% used [0x00000000e0000000,0x00000000e0984798,0x00000000e5300000)
  from space 13824K, 70% used [0x00000000e5700000,0x00000000e608b640,0x00000000e6480000)
  to   space 12288K, 0% used [0x00000000e6600000,0x00000000e6600000,0x00000000e7200000)
 ParOldGen       total 56832K, used 22990K [0x00000000a0000000, 0x00000000a3780000, 0x00000000e0000000)
  object space 56832K, 40% used [0x00000000a0000000,0x00000000a16738c8,0x00000000a3780000)
 Metaspace       used 48946K, capacity 50206K, committed 50344K, reserved 1093632K
  class space    used 6623K, capacity 6978K, committed 7080K, reserved 1048576K
GC Heap History (10 events):
Event: 4.821 GC heap before
{Heap before GC invocations=9 (full 1):
 PSYoungGen      total 76800K, used 74732K [0x00000000e0000000, 0x00000000e5500000, 0x0000000100000000)
  eden space 66560K, 100% used [0x00000000e0000000,0x00000000e4100000,0x00000000e4100000)
  from space 10240K, 79% used [0x00000000e4100000,0x00000000e48fb390,0x00000000e4b00000)
  to   space 9728K, 0% used [0x00000000e4b80000,0x00000000e4b80000,0x00000000e5500000)
 ParOldGen       total 56832K, used 8262K [0x00000000a0000000, 0x00000000a3780000, 0x00000000e0000000)
  object space 56832K, 14% used [0x00000000a0000000,0x00000000a08118b8,0x00000000a3780000)
 Metaspace       used 32195K, capacity 32752K, committed 33152K, reserved 1077248K
  class space    used 4443K, capacity 4617K, committed 4736K, reserved 1048576K
Event: 4.829 GC heap after
Heap after GC invocations=9 (full 1):
 PSYoungGen      total 76288K, used 8722K [0x00000000e0000000, 0x00000000e5500000, 0x0000000100000000)
  eden space 66560K, 0% used [0x00000000e0000000,0x00000000e0000000,0x00000000e4100000)
  from space 9728K, 89% used [0x00000000e4b80000,0x00000000e5404a40,0x00000000e5500000)
  to   space 10240K, 0% used [0x00000000e4100000,0x00000000e4100000,0x00000000e4b00000)
 ParOldGen       total 56832K, used 8270K [0x00000000a0000000, 0x00000000a3780000, 0x00000000e0000000)
  object space 56832K, 14% used [0x00000000a0000000,0x00000000a08138b8,0x00000000a3780000)
 Metaspace       used 32195K, capacity 32752K, committed 33152K, reserved 1077248K
  class space    used 4443K, capacity 4617K, committed 4736K, reserved 1048576K
}
Event: 5.465 GC heap before
{Heap before GC invocations=10 (full 1):
 PSYoungGen      total 76288K, used 64402K [0x00000000e0000000, 0x00000000e5500000, 0x0000000100000000)
  eden space 66560K, 83% used [0x00000000e0000000,0x00000000e3660110,0x00000000e4100000)
  from space 9728K, 89% used [0x00000000e4b80000,0x00000000e5404a40,0x00000000e5500000)
  to   space 10240K, 0% used [0x00000000e4100000,0x00000000e4100000,0x00000000e4b00000)
 ParOldGen       total 56832K, used 8270K [0x00000000a0000000, 0x00000000a3780000, 0x00000000e0000000)
  object space 56832K, 14% used [0x00000000a0000000,0x00000000a08138b8,0x00000000a3780000)
 Metaspace       used 34640K, capacity 35478K, committed 35496K, reserved 1079296K
  class space    used 4776K, capacity 5032K, committed 5032K, reserved 1048576K
Event: 5.476 GC heap after
Heap after GC invocations=10 (full 1):
 PSYoungGen      total 76800K, used 10218K [0x00000000e0000000, 0x00000000e7200000, 0x0000000100000000)
  eden space 66560K, 0% used [0x00000000e0000000,0x00000000e0000000,0x00000000e4100000)
  from space 10240K, 99% used [0x00000000e4100000,0x00000000e4afabe8,0x00000000e4b00000)
  to   space 12288K, 0% used [0x00000000e6600000,0x00000000e6600000,0x00000000e7200000)
 ParOldGen       total 56832K, used 8991K [0x00000000a0000000, 0x00000000a3780000, 0x00000000e0000000)
  object space 56832K, 15% used [0x00000000a0000000,0x00000000a08c7ca8,0x00000000a3780000)
 Metaspace       used 34640K, capacity 35478K, committed 35496K, reserved 1079296K
  class space    used 4776K, capacity 5032K, committed 5032K, reserved 1048576K
}
Event: 5.476 GC heap before
{Heap before GC invocations=11 (full 2):
 PSYoungGen      total 76800K, used 10218K [0x00000000e0000000, 0x00000000e7200000, 0x0000000100000000)
  eden space 66560K, 0% used [0x00000000e0000000,0x00000000e0000000,0x00000000e4100000)
  from space 10240K, 99% used [0x00000000e4100000,0x00000000e4afabe8,0x00000000e4b00000)
  to   space 12288K, 0% used [0x00000000e6600000,0x00000000e6600000,0x00000000e7200000)
 ParOldGen       total 56832K, used 8991K [0x00000000a0000000, 0x00000000a3780000, 0x00000000e0000000)
  object space 56832K, 15% used [0x00000000a0000000,0x00000000a08c7ca8,0x00000000a3780000)
 Metaspace       used 34640K, capacity 35478K, committed 35496K, reserved 1079296K
  class space    used 4776K, capacity 5032K, committed 5032K, reserved 1048576K
Event: 5.538 GC heap after
Heap after GC invocations=11 (full 2):
 PSYoungGen      total 76800K, used 0K [0x00000000e0000000, 0x00000000e7200000, 0x0000000100000000)
  eden space 66560K, 0% used [0x00000000e0000000,0x00000000e0000000,0x00000000e4100000)
  from space 10240K, 0% used [0x00000000e4100000,0x00000000e4100000,0x00000000e4b00000)
  to   space 12288K, 0% used [0x00000000e6600000,0x00000000e6600000,0x00000000e7200000)
 ParOldGen       total 56832K, used 17837K [0x00000000a0000000, 0x00000000a3780000, 0x00000000e0000000)
  object space 56832K, 31% used [0x00000000a0000000,0x00000000a116b788,0x00000000a3780000)
 Metaspace       used 34616K, capacity 35400K, committed 35496K, reserved 1079296K
  class space    used 4768K, capacity 5019K, committed 5032K, reserved 1048576K
}
Event: 6.188 GC heap before
{Heap before GC invocations=12 (full 2):
 PSYoungGen      total 76800K, used 66560K [0x00000000e0000000, 0x00000000e7200000, 0x0000000100000000)
  eden space 66560K, 100% used [0x00000000e0000000,0x00000000e4100000,0x00000000e4100000)
  from space 10240K, 0% used [0x00000000e4100000,0x00000000e4100000,0x00000000e4b00000)
  to   space 12288K, 0% used [0x00000000e6600000,0x00000000e6600000,0x00000000e7200000)
 ParOldGen       total 56832K, used 17837K [0x00000000a0000000, 0x00000000a3780000, 0x00000000e0000000)
  object space 56832K, 31% used [0x00000000a0000000,0x00000000a116b788,0x00000000a3780000)
 Metaspace       used 42426K, capacity 43390K, committed 43688K, reserved 1087488K
  class space    used 5745K, capacity 6023K, committed 6056K, reserved 1048576K
Event: 6.197 GC heap after
Heap after GC invocations=12 (full 2):
 PSYoungGen      total 97280K, used 12280K [0x00000000e0000000, 0x00000000e7200000, 0x0000000100000000)
  eden space 84992K, 0% used [0x00000000e0000000,0x00000000e0000000,0x00000000e5300000)
  from space 12288K, 99% used [0x00000000e6600000,0x00000000e71fe250,0x00000000e7200000)
  to   space 13824K, 0% used [0x00000000e5700000,0x00000000e5700000,0x00000000e6480000)
 ParOldGen       total 56832K, used 18918K [0x00000000a0000000, 0x00000000a3780000, 0x00000000e0000000)
  object space 56832K, 33% used [0x00000000a0000000,0x00000000a12798b0,0x00000000a3780000)
 Metaspace       used 42426K, capacity 43390K, committed 43688K, reserved 1087488K
  class space    used 5745K, capacity 6023K, committed 6056K, reserved 1048576K
}
Event: 7.173 GC heap before
{Heap before GC invocations=13 (full 2):
 PSYoungGen      total 97280K, used 97272K [0x00000000e0000000, 0x00000000e7200000, 0x0000000100000000)
  eden space 84992K, 100% used [0x00000000e0000000,0x00000000e5300000,0x00000000e5300000)
  from space 12288K, 99% used [0x00000000e6600000,0x00000000e71fe250,0x00000000e7200000)
  to   space 13824K, 0% used [0x00000000e5700000,0x00000000e5700000,0x00000000e6480000)
 ParOldGen       total 56832K, used 18918K [0x00000000a0000000, 0x00000000a3780000, 0x00000000e0000000)
  object space 56832K, 33% used [0x00000000a0000000,0x00000000a12798b0,0x00000000a3780000)
 Metaspace       used 48367K, capacity 49694K, committed 49960K, reserved 1091584K
  class space    used 6546K, capacity 6914K, committed 6952K, reserved 1048576K
Event: 7.193 GC heap after
Heap after GC invocations=13 (full 2):
 PSYoungGen      total 98816K, used 9773K [0x00000000e0000000, 0x00000000e7200000, 0x0000000100000000)
  eden space 84992K, 0% used [0x00000000e0000000,0x00000000e0000000,0x00000000e5300000)
  from space 13824K, 70% used [0x00000000e5700000,0x00000000e608b640,0x00000000e6480000)
  to   space 12288K, 0% used [0x00000000e6600000,0x00000000e6600000,0x00000000e7200000)
 ParOldGen       total 56832K, used 22990K [0x00000000a0000000, 0x00000000a3780000, 0x00000000e0000000)
  object space 56832K, 40% used [0x00000000a0000000,0x00000000a16738c8,0x00000000a3780000)
 Metaspace       used 48367K, capacity 49694K, committed 49960K, reserved 1091584K
  class space    used 6546K, capacity 6914K, committed 6952K, reserved 1048576K
}

