# JRE version: OpenJDK Runtime Environment (8.0_212-b04) (build 1.8.0_212-release-1586-b04)
# Java VM: OpenJDK 64-Bit Server VM (25.212-b04 mixed mode windows-amd64 compressed oops)
Heap:
 PSYoungGen      total 112128K, used 55416K [0x00000000e0000000, 0x00000000e9900000, 0x0000000100000000)
  eden space 101888K, 44% used [0x00000000e0000000,0x00000000e2c22568,0x00000000e6380000)
  from space 10240K, 99% used [0x00000000e7100000,0x00000000e7afbc70,0x00000000e7b00000)
  to   space 13824K, 0% used [0x00000000e6380000,0x00000000e6380000,0x00000000e7100000)
 ParOldGen       total 61440K, used 21353K [0x00000000a0000000, 0x00000000a3c00000, 0x00000000e0000000)
  object space 61440K, 34% used [0x00000000a0000000,0x00000000a14da7b8,0x00000000a3c00000)
 Metaspace       used 48027K, capacity 49216K, committed 49368K, reserved 1091584K
  class space    used 6485K, capacity 6821K, committed 6912K, reserved 1048576K
GC Heap History (10 events):
Event: 7.453 GC heap before
{Heap before GC invocations=8 (full 1):
 PSYoungGen      total 76288K, used 66560K [0x00000000e0000000, 0x00000000e5500000, 0x0000000100000000)
  eden space 66560K, 100% used [0x00000000e0000000,0x00000000e4100000,0x00000000e4100000)
  from space 9728K, 0% used [0x00000000e4b80000,0x00000000e4b80000,0x00000000e5500000)
  to   space 10240K, 0% used [0x00000000e4100000,0x00000000e4100000,0x00000000e4b00000)
 ParOldGen       total 61440K, used 9697K [0x00000000a0000000, 0x00000000a3c00000, 0x00000000e0000000)
  object space 61440K, 15% used [0x00000000a0000000,0x00000000a09785c8,0x00000000a3c00000)
 Metaspace       used 28515K, capacity 28998K, committed 29440K, reserved 1075200K
  class space    used 3846K, capacity 4006K, committed 4096K, reserved 1048576K
Event: 7.476 GC heap after
Heap after GC invocations=8 (full 1):
 PSYoungGen      total 76800K, used 7723K [0x00000000e0000000, 0x00000000e7b00000, 0x0000000100000000)
  eden space 66560K, 0% used [0x00000000e0000000,0x00000000e0000000,0x00000000e4100000)
  from space 10240K, 75% used [0x00000000e4100000,0x00000000e488af70,0x00000000e4b00000)
  to   space 10240K, 0% used [0x00000000e7100000,0x00000000e7100000,0x00000000e7b00000)
 ParOldGen       total 61440K, used 9705K [0x00000000a0000000, 0x00000000a3c00000, 0x00000000e0000000)
  object space 61440K, 15% used [0x00000000a0000000,0x00000000a097a5c8,0x00000000a3c00000)
 Metaspace       used 28515K, capacity 28998K, committed 29440K, reserved 1075200K
  class space    used 3846K, capacity 4006K, committed 4096K, reserved 1048576K
}
Event: 8.450 GC heap before
{Heap before GC invocations=9 (full 1):
 PSYoungGen      total 76800K, used 74283K [0x00000000e0000000, 0x00000000e7b00000, 0x0000000100000000)
  eden space 66560K, 100% used [0x00000000e0000000,0x00000000e4100000,0x00000000e4100000)
  from space 10240K, 75% used [0x00000000e4100000,0x00000000e488af70,0x00000000e4b00000)
  to   space 10240K, 0% used [0x00000000e7100000,0x00000000e7100000,0x00000000e7b00000)
 ParOldGen       total 61440K, used 9705K [0x00000000a0000000, 0x00000000a3c00000, 0x00000000e0000000)
  object space 61440K, 15% used [0x00000000a0000000,0x00000000a097a5c8,0x00000000a3c00000)
 Metaspace       used 31913K, capacity 32382K, committed 32768K, reserved 1077248K
  class space    used 4394K, capacity 4558K, committed 4608K, reserved 1048576K
Event: 8.462 GC heap after
Heap after GC invocations=9 (full 1):
 PSYoungGen      total 114688K, used 8807K [0x00000000e0000000, 0x00000000e7b00000, 0x0000000100000000)
  eden space 104448K, 0% used [0x00000000e0000000,0x00000000e0000000,0x00000000e6600000)
  from space 10240K, 86% used [0x00000000e7100000,0x00000000e7999f90,0x00000000e7b00000)
  to   space 10752K, 0% used [0x00000000e6600000,0x00000000e6600000,0x00000000e7080000)
 ParOldGen       total 61440K, used 9713K [0x00000000a0000000, 0x00000000a3c00000, 0x00000000e0000000)
  object space 61440K, 15% used [0x00000000a0000000,0x00000000a097c5c8,0x00000000a3c00000)
 Metaspace       used 31913K, capacity 32382K, committed 32768K, reserved 1077248K
  class space    used 4394K, capacity 4558K, committed 4608K, reserved 1048576K
}
Event: 9.806 GC heap before
{Heap before GC invocations=10 (full 1):
 PSYoungGen      total 114688K, used 65969K [0x00000000e0000000, 0x00000000e7b00000, 0x0000000100000000)
  eden space 104448K, 54% used [0x00000000e0000000,0x00000000e37d2570,0x00000000e6600000)
  from space 10240K, 86% used [0x00000000e7100000,0x00000000e7999f90,0x00000000e7b00000)
  to   space 10752K, 0% used [0x00000000e6600000,0x00000000e6600000,0x00000000e7080000)
 ParOldGen       total 61440K, used 9713K [0x00000000a0000000, 0x00000000a3c00000, 0x00000000e0000000)
  object space 61440K, 15% used [0x00000000a0000000,0x00000000a097c5c8,0x00000000a3c00000)
 Metaspace       used 34466K, capacity 35206K, committed 35416K, reserved 1079296K
  class space    used 4739K, capacity 4968K, committed 4992K, reserved 1048576K
Event: 9.825 GC heap after
Heap after GC invocations=10 (full 1):
 PSYoungGen      total 115200K, used 10723K [0x00000000e0000000, 0x00000000e7b00000, 0x0000000100000000)
  eden space 104448K, 0% used [0x00000000e0000000,0x00000000e0000000,0x00000000e6600000)
  from space 10752K, 99% used [0x00000000e6600000,0x00000000e7078d10,0x00000000e7080000)
  to   space 10240K, 0% used [0x00000000e7100000,0x00000000e7100000,0x00000000e7b00000)
 ParOldGen       total 61440K, used 10093K [0x00000000a0000000, 0x00000000a3c00000, 0x00000000e0000000)
  object space 61440K, 16% used [0x00000000a0000000,0x00000000a09db630,0x00000000a3c00000)
 Metaspace       used 34466K, capacity 35206K, committed 35416K, reserved 1079296K
  class space    used 4739K, capacity 4968K, committed 4992K, reserved 1048576K
}
Event: 9.825 GC heap before
{Heap before GC invocations=11 (full 2):
 PSYoungGen      total 115200K, used 10723K [0x00000000e0000000, 0x00000000e7b00000, 0x0000000100000000)
  eden space 104448K, 0% used [0x00000000e0000000,0x00000000e0000000,0x00000000e6600000)
  from space 10752K, 99% used [0x00000000e6600000,0x00000000e7078d10,0x00000000e7080000)
  to   space 10240K, 0% used [0x00000000e7100000,0x00000000e7100000,0x00000000e7b00000)
 ParOldGen       total 61440K, used 10093K [0x00000000a0000000, 0x00000000a3c00000, 0x00000000e0000000)
  object space 61440K, 16% used [0x00000000a0000000,0x00000000a09db630,0x00000000a3c00000)
 Metaspace       used 34466K, capacity 35206K, committed 35416K, reserved 1079296K
  class space    used 4739K, capacity 4968K, committed 4992K, reserved 1048576K
Event: 9.951 GC heap after
Heap after GC invocations=11 (full 2):
 PSYoungGen      total 115200K, used 0K [0x00000000e0000000, 0x00000000e7b00000, 0x0000000100000000)
  eden space 104448K, 0% used [0x00000000e0000000,0x00000000e0000000,0x00000000e6600000)
  from space 10752K, 0% used [0x00000000e6600000,0x00000000e6600000,0x00000000e7080000)
  to   space 10240K, 0% used [0x00000000e7100000,0x00000000e7100000,0x00000000e7b00000)
 ParOldGen       total 61440K, used 17669K [0x00000000a0000000, 0x00000000a3c00000, 0x00000000e0000000)
  object space 61440K, 28% used [0x00000000a0000000,0x00000000a11416b8,0x00000000a3c00000)
 Metaspace       used 34452K, capacity 35158K, committed 35416K, reserved 1079296K
  class space    used 4734K, capacity 4960K, committed 4992K, reserved 1048576K
}
Event: 12.182 GC heap before
{Heap before GC invocations=12 (full 2):
 PSYoungGen      total 115200K, used 104448K [0x00000000e0000000, 0x00000000e7b00000, 0x0000000100000000)
  eden space 104448K, 100% used [0x00000000e0000000,0x00000000e6600000,0x00000000e6600000)
  from space 10752K, 0% used [0x00000000e6600000,0x00000000e6600000,0x00000000e7080000)
  to   space 10240K, 0% used [0x00000000e7100000,0x00000000e7100000,0x00000000e7b00000)
 ParOldGen       total 61440K, used 17669K [0x00000000a0000000, 0x00000000a3c00000, 0x00000000e0000000)
  object space 61440K, 28% used [0x00000000a0000000,0x00000000a11416b8,0x00000000a3c00000)
 Metaspace       used 44940K, capacity 45796K, committed 46296K, reserved 1089536K
  class space    used 6042K, capacity 6282K, committed 6400K, reserved 1048576K
Event: 12.197 GC heap after
Heap after GC invocations=12 (full 2):
 PSYoungGen      total 112128K, used 10223K [0x00000000e0000000, 0x00000000e9900000, 0x0000000100000000)
  eden space 101888K, 0% used [0x00000000e0000000,0x00000000e0000000,0x00000000e6380000)
  from space 10240K, 99% used [0x00000000e7100000,0x00000000e7afbc70,0x00000000e7b00000)
  to   space 13824K, 0% used [0x00000000e6380000,0x00000000e6380000,0x00000000e7100000)
 ParOldGen       total 61440K, used 21353K [0x00000000a0000000, 0x00000000a3c00000, 0x00000000e0000000)
  object space 61440K, 34% used [0x00000000a0000000,0x00000000a14da7b8,0x00000000a3c00000)
 Metaspace       used 44940K, capacity 45796K, committed 46296K, reserved 1089536K
  class space    used 6042K, capacity 6282K, committed 6400K, reserved 1048576K
}

