# JRE version: OpenJDK Runtime Environment (8.0_212-b04) (build 1.8.0_212-release-1586-b04)
# Java VM: OpenJDK 64-Bit Server VM (25.212-b04 mixed mode windows-amd64 compressed oops)
Heap:
 PSYoungGen      total 110592K, used 43249K [0x00000000e0000000, 0x00000000e9580000, 0x0000000100000000)
  eden space 100352K, 32% used [0x00000000e0000000,0x00000000e203fed8,0x00000000e6200000)
  from space 10240K, 99% used [0x00000000e6f80000,0x00000000e797c610,0x00000000e7980000)
  to   space 13824K, 0% used [0x00000000e6200000,0x00000000e6200000,0x00000000e6f80000)
 ParOldGen       total 59904K, used 21382K [0x00000000a0000000, 0x00000000a3a80000, 0x00000000e0000000)
  object space 59904K, 35% used [0x00000000a0000000,0x00000000a14e1b28,0x00000000a3a80000)
 Metaspace       used 45885K, capacity 46982K, committed 47320K, reserved 1089536K
  class space    used 6199K, capacity 6532K, committed 6656K, reserved 1048576K
GC Heap History (10 events):
Event: 7.327 GC heap before
{Heap before GC invocations=8 (full 1):
 PSYoungGen      total 76288K, used 66560K [0x00000000e0000000, 0x00000000e5500000, 0x0000000100000000)
  eden space 66560K, 100% used [0x00000000e0000000,0x00000000e4100000,0x00000000e4100000)
  from space 9728K, 0% used [0x00000000e4b80000,0x00000000e4b80000,0x00000000e5500000)
  to   space 10240K, 0% used [0x00000000e4100000,0x00000000e4100000,0x00000000e4b00000)
 ParOldGen       total 59904K, used 7546K [0x00000000a0000000, 0x00000000a3a80000, 0x00000000e0000000)
  object space 59904K, 12% used [0x00000000a0000000,0x00000000a075e970,0x00000000a3a80000)
 Metaspace       used 28486K, capacity 28934K, committed 29440K, reserved 1075200K
  class space    used 3841K, capacity 4006K, committed 4096K, reserved 1048576K
Event: 7.344 GC heap after
Heap after GC invocations=8 (full 1):
 PSYoungGen      total 76800K, used 7727K [0x00000000e0000000, 0x00000000e7980000, 0x0000000100000000)
  eden space 66560K, 0% used [0x00000000e0000000,0x00000000e0000000,0x00000000e4100000)
  from space 10240K, 75% used [0x00000000e4100000,0x00000000e488bd10,0x00000000e4b00000)
  to   space 10240K, 0% used [0x00000000e6f80000,0x00000000e6f80000,0x00000000e7980000)
 ParOldGen       total 59904K, used 7554K [0x00000000a0000000, 0x00000000a3a80000, 0x00000000e0000000)
  object space 59904K, 12% used [0x00000000a0000000,0x00000000a0760970,0x00000000a3a80000)
 Metaspace       used 28486K, capacity 28934K, committed 29440K, reserved 1075200K
  class space    used 3841K, capacity 4006K, committed 4096K, reserved 1048576K
}
Event: 8.510 GC heap before
{Heap before GC invocations=9 (full 1):
 PSYoungGen      total 76800K, used 74285K [0x00000000e0000000, 0x00000000e7980000, 0x0000000100000000)
  eden space 66560K, 99% used [0x00000000e0000000,0x00000000e40ff920,0x00000000e4100000)
  from space 10240K, 75% used [0x00000000e4100000,0x00000000e488bd10,0x00000000e4b00000)
  to   space 10240K, 0% used [0x00000000e6f80000,0x00000000e6f80000,0x00000000e7980000)
 ParOldGen       total 59904K, used 7554K [0x00000000a0000000, 0x00000000a3a80000, 0x00000000e0000000)
  object space 59904K, 12% used [0x00000000a0000000,0x00000000a0760970,0x00000000a3a80000)
 Metaspace       used 31898K, capacity 32382K, committed 32768K, reserved 1077248K
  class space    used 4390K, capacity 4558K, committed 4608K, reserved 1048576K
Event: 8.527 GC heap after
Heap after GC invocations=9 (full 1):
 PSYoungGen      total 113664K, used 8812K [0x00000000e0000000, 0x00000000e7a00000, 0x0000000100000000)
  eden space 103424K, 0% used [0x00000000e0000000,0x00000000e0000000,0x00000000e6500000)
  from space 10240K, 86% used [0x00000000e6f80000,0x00000000e781b268,0x00000000e7980000)
  to   space 10752K, 0% used [0x00000000e6500000,0x00000000e6500000,0x00000000e6f80000)
 ParOldGen       total 59904K, used 7562K [0x00000000a0000000, 0x00000000a3a80000, 0x00000000e0000000)
  object space 59904K, 12% used [0x00000000a0000000,0x00000000a0762970,0x00000000a3a80000)
 Metaspace       used 31898K, capacity 32382K, committed 32768K, reserved 1077248K
  class space    used 4390K, capacity 4558K, committed 4608K, reserved 1048576K
}
Event: 9.837 GC heap before
{Heap before GC invocations=10 (full 1):
 PSYoungGen      total 113664K, used 66859K [0x00000000e0000000, 0x00000000e7a00000, 0x0000000100000000)
  eden space 103424K, 56% used [0x00000000e0000000,0x00000000e38afb20,0x00000000e6500000)
  from space 10240K, 86% used [0x00000000e6f80000,0x00000000e781b268,0x00000000e7980000)
  to   space 10752K, 0% used [0x00000000e6500000,0x00000000e6500000,0x00000000e6f80000)
 ParOldGen       total 59904K, used 7562K [0x00000000a0000000, 0x00000000a3a80000, 0x00000000e0000000)
  object space 59904K, 12% used [0x00000000a0000000,0x00000000a0762970,0x00000000a3a80000)
 Metaspace       used 34479K, capacity 35266K, committed 35416K, reserved 1079296K
  class space    used 4742K, capacity 4978K, committed 4992K, reserved 1048576K
Event: 9.854 GC heap after
Heap after GC invocations=10 (full 1):
 PSYoungGen      total 114176K, used 10721K [0x00000000e0000000, 0x00000000e7a00000, 0x0000000100000000)
  eden space 103424K, 0% used [0x00000000e0000000,0x00000000e0000000,0x00000000e6500000)
  from space 10752K, 99% used [0x00000000e6500000,0x00000000e6f785b0,0x00000000e6f80000)
  to   space 10240K, 0% used [0x00000000e6f80000,0x00000000e6f80000,0x00000000e7980000)
 ParOldGen       total 59904K, used 7935K [0x00000000a0000000, 0x00000000a3a80000, 0x00000000e0000000)
  object space 59904K, 13% used [0x00000000a0000000,0x00000000a07bfd00,0x00000000a3a80000)
 Metaspace       used 34479K, capacity 35266K, committed 35416K, reserved 1079296K
  class space    used 4742K, capacity 4978K, committed 4992K, reserved 1048576K
}
Event: 9.854 GC heap before
{Heap before GC invocations=11 (full 2):
 PSYoungGen      total 114176K, used 10721K [0x00000000e0000000, 0x00000000e7a00000, 0x0000000100000000)
  eden space 103424K, 0% used [0x00000000e0000000,0x00000000e0000000,0x00000000e6500000)
  from space 10752K, 99% used [0x00000000e6500000,0x00000000e6f785b0,0x00000000e6f80000)
  to   space 10240K, 0% used [0x00000000e6f80000,0x00000000e6f80000,0x00000000e7980000)
 ParOldGen       total 59904K, used 7935K [0x00000000a0000000, 0x00000000a3a80000, 0x00000000e0000000)
  object space 59904K, 13% used [0x00000000a0000000,0x00000000a07bfd00,0x00000000a3a80000)
 Metaspace       used 34479K, capacity 35266K, committed 35416K, reserved 1079296K
  class space    used 4742K, capacity 4978K, committed 4992K, reserved 1048576K
Event: 10.011 GC heap after
Heap after GC invocations=11 (full 2):
 PSYoungGen      total 114176K, used 0K [0x00000000e0000000, 0x00000000e7a00000, 0x0000000100000000)
  eden space 103424K, 0% used [0x00000000e0000000,0x00000000e0000000,0x00000000e6500000)
  from space 10752K, 0% used [0x00000000e6500000,0x00000000e6500000,0x00000000e6f80000)
  to   space 10240K, 0% used [0x00000000e6f80000,0x00000000e6f80000,0x00000000e7980000)
 ParOldGen       total 59904K, used 17712K [0x00000000a0000000, 0x00000000a3a80000, 0x00000000e0000000)
  object space 59904K, 29% used [0x00000000a0000000,0x00000000a114c198,0x00000000a3a80000)
 Metaspace       used 34447K, capacity 35158K, committed 35416K, reserved 1079296K
  class space    used 4732K, capacity 4960K, committed 4992K, reserved 1048576K
}
Event: 12.184 GC heap before
{Heap before GC invocations=12 (full 2):
 PSYoungGen      total 114176K, used 103424K [0x00000000e0000000, 0x00000000e7a00000, 0x0000000100000000)
  eden space 103424K, 100% used [0x00000000e0000000,0x00000000e6500000,0x00000000e6500000)
  from space 10752K, 0% used [0x00000000e6500000,0x00000000e6500000,0x00000000e6f80000)
  to   space 10240K, 0% used [0x00000000e6f80000,0x00000000e6f80000,0x00000000e7980000)
 ParOldGen       total 59904K, used 17712K [0x00000000a0000000, 0x00000000a3a80000, 0x00000000e0000000)
  object space 59904K, 29% used [0x00000000a0000000,0x00000000a114c198,0x00000000a3a80000)
 Metaspace       used 44933K, capacity 45864K, committed 46296K, reserved 1089536K
  class space    used 6038K, capacity 6282K, committed 6400K, reserved 1048576K
Event: 12.198 GC heap after
Heap after GC invocations=12 (full 2):
 PSYoungGen      total 110592K, used 10225K [0x00000000e0000000, 0x00000000e9580000, 0x0000000100000000)
  eden space 100352K, 0% used [0x00000000e0000000,0x00000000e0000000,0x00000000e6200000)
  from space 10240K, 99% used [0x00000000e6f80000,0x00000000e797c610,0x00000000e7980000)
  to   space 13824K, 0% used [0x00000000e6200000,0x00000000e6200000,0x00000000e6f80000)
 ParOldGen       total 59904K, used 21382K [0x00000000a0000000, 0x00000000a3a80000, 0x00000000e0000000)
  object space 59904K, 35% used [0x00000000a0000000,0x00000000a14e1b28,0x00000000a3a80000)
 Metaspace       used 44933K, capacity 45864K, committed 46296K, reserved 1089536K
  class space    used 6038K, capacity 6282K, committed 6400K, reserved 1048576K
}

