# JRE version: OpenJDK Runtime Environment (8.0_212-b04) (build 1.8.0_212-release-1586-b04)
# Java VM: OpenJDK 64-Bit Server VM (25.212-b04 mixed mode windows-amd64 compressed oops)
Heap:
 PSYoungGen      total 118784K, used 3962K [0x00000000e0000000, 0x00000000e7e80000, 0x0000000100000000)
  eden space 108032K, 3% used [0x00000000e0000000,0x00000000e03de820,0x00000000e6980000)
  from space 10752K, 0% used [0x00000000e6980000,0x00000000e6980000,0x00000000e7400000)
  to   space 9728K, 0% used [0x00000000e7500000,0x00000000e7500000,0x00000000e7e80000)
 ParOldGen       total 57856K, used 17867K [0x00000000a0000000, 0x00000000a3880000, 0x00000000e0000000)
  object space 57856K, 30% used [0x00000000a0000000,0x00000000a1172e28,0x00000000a3880000)
 Metaspace       used 34980K, capacity 35718K, committed 36008K, reserved 1081344K
  class space    used 4797K, capacity 5020K, committed 5032K, reserved 1048576K
GC Heap History (10 events):
Event: 4.315 GC heap after
Heap after GC invocations=6 (full 0):
 PSYoungGen      total 76288K, used 7037K [0x00000000e0000000, 0x00000000e5500000, 0x0000000100000000)
  eden space 66560K, 0% used [0x00000000e0000000,0x00000000e0000000,0x00000000e4100000)
  from space 9728K, 72% used [0x00000000e4b80000,0x00000000e525f748,0x00000000e5500000)
  to   space 10240K, 0% used [0x00000000e4100000,0x00000000e4100000,0x00000000e4b00000)
 ParOldGen       total 87552K, used 9006K [0x00000000a0000000, 0x00000000a5580000, 0x00000000e0000000)
  object space 87552K, 10% used [0x00000000a0000000,0x00000000a08cbae8,0x00000000a5580000)
 Metaspace       used 20616K, capacity 21128K, committed 21296K, reserved 1067008K
  class space    used 2942K, capacity 3120K, committed 3200K, reserved 1048576K
}
Event: 4.315 GC heap before
{Heap before GC invocations=7 (full 1):
 PSYoungGen      total 76288K, used 7037K [0x00000000e0000000, 0x00000000e5500000, 0x0000000100000000)
  eden space 66560K, 0% used [0x00000000e0000000,0x00000000e0000000,0x00000000e4100000)
  from space 9728K, 72% used [0x00000000e4b80000,0x00000000e525f748,0x00000000e5500000)
  to   space 10240K, 0% used [0x00000000e4100000,0x00000000e4100000,0x00000000e4b00000)
 ParOldGen       total 87552K, used 9006K [0x00000000a0000000, 0x00000000a5580000, 0x00000000e0000000)
  object space 87552K, 10% used [0x00000000a0000000,0x00000000a08cbae8,0x00000000a5580000)
 Metaspace       used 20616K, capacity 21128K, committed 21296K, reserved 1067008K
  class space    used 2942K, capacity 3120K, committed 3200K, reserved 1048576K
Event: 4.361 GC heap after
Heap after GC invocations=7 (full 1):
 PSYoungGen      total 76288K, used 0K [0x00000000e0000000, 0x00000000e5500000, 0x0000000100000000)
  eden space 66560K, 0% used [0x00000000e0000000,0x00000000e0000000,0x00000000e4100000)
  from space 9728K, 0% used [0x00000000e4b80000,0x00000000e4b80000,0x00000000e5500000)
  to   space 10240K, 0% used [0x00000000e4100000,0x00000000e4100000,0x00000000e4b00000)
 ParOldGen       total 57856K, used 8235K [0x00000000a0000000, 0x00000000a3880000, 0x00000000e0000000)
  object space 57856K, 14% used [0x00000000a0000000,0x00000000a080aef0,0x00000000a3880000)
 Metaspace       used 20616K, capacity 21128K, committed 21296K, reserved 1067008K
  class space    used 2942K, capacity 3120K, committed 3200K, reserved 1048576K
}
Event: 5.744 GC heap before
{Heap before GC invocations=8 (full 1):
 PSYoungGen      total 76288K, used 66560K [0x00000000e0000000, 0x00000000e5500000, 0x0000000100000000)
  eden space 66560K, 100% used [0x00000000e0000000,0x00000000e4100000,0x00000000e4100000)
  from space 9728K, 0% used [0x00000000e4b80000,0x00000000e4b80000,0x00000000e5500000)
  to   space 10240K, 0% used [0x00000000e4100000,0x00000000e4100000,0x00000000e4b00000)
 ParOldGen       total 57856K, used 8235K [0x00000000a0000000, 0x00000000a3880000, 0x00000000e0000000)
  object space 57856K, 14% used [0x00000000a0000000,0x00000000a080aef0,0x00000000a3880000)
 Metaspace       used 28937K, capacity 29572K, committed 29952K, reserved 1075200K
  class space    used 3909K, capacity 4093K, committed 4096K, reserved 1048576K
Event: 5.757 GC heap after
Heap after GC invocations=8 (full 1):
 PSYoungGen      total 76800K, used 8177K [0x00000000e0000000, 0x00000000e7f80000, 0x0000000100000000)
  eden space 66560K, 0% used [0x00000000e0000000,0x00000000e0000000,0x00000000e4100000)
  from space 10240K, 79% used [0x00000000e4100000,0x00000000e48fc7d8,0x00000000e4b00000)
  to   space 10752K, 0% used [0x00000000e7500000,0x00000000e7500000,0x00000000e7f80000)
 ParOldGen       total 57856K, used 8243K [0x00000000a0000000, 0x00000000a3880000, 0x00000000e0000000)
  object space 57856K, 14% used [0x00000000a0000000,0x00000000a080cef0,0x00000000a3880000)
 Metaspace       used 28937K, capacity 29572K, committed 29952K, reserved 1075200K
  class space    used 3909K, capacity 4093K, committed 4096K, reserved 1048576K
}
Event: 6.566 GC heap before
{Heap before GC invocations=9 (full 1):
 PSYoungGen      total 76800K, used 74737K [0x00000000e0000000, 0x00000000e7f80000, 0x0000000100000000)
  eden space 66560K, 100% used [0x00000000e0000000,0x00000000e4100000,0x00000000e4100000)
  from space 10240K, 79% used [0x00000000e4100000,0x00000000e48fc7d8,0x00000000e4b00000)
  to   space 10752K, 0% used [0x00000000e7500000,0x00000000e7500000,0x00000000e7f80000)
 ParOldGen       total 57856K, used 8243K [0x00000000a0000000, 0x00000000a3880000, 0x00000000e0000000)
  object space 57856K, 14% used [0x00000000a0000000,0x00000000a080cef0,0x00000000a3880000)
 Metaspace       used 32189K, capacity 32744K, committed 33152K, reserved 1077248K
  class space    used 4442K, capacity 4617K, committed 4736K, reserved 1048576K
Event: 6.578 GC heap after
Heap after GC invocations=9 (full 1):
 PSYoungGen      total 117760K, used 8584K [0x00000000e0000000, 0x00000000e7e80000, 0x0000000100000000)
  eden space 108032K, 0% used [0x00000000e0000000,0x00000000e0000000,0x00000000e6980000)
  from space 9728K, 88% used [0x00000000e7500000,0x00000000e7d622b8,0x00000000e7e80000)
  to   space 10752K, 0% used [0x00000000e6980000,0x00000000e6980000,0x00000000e7400000)
 ParOldGen       total 57856K, used 8251K [0x00000000a0000000, 0x00000000a3880000, 0x00000000e0000000)
  object space 57856K, 14% used [0x00000000a0000000,0x00000000a080eef0,0x00000000a3880000)
 Metaspace       used 32189K, capacity 32744K, committed 33152K, reserved 1077248K
  class space    used 4442K, capacity 4617K, committed 4736K, reserved 1048576K
}
Event: 7.466 GC heap before
{Heap before GC invocations=10 (full 1):
 PSYoungGen      total 117760K, used 65041K [0x00000000e0000000, 0x00000000e7e80000, 0x0000000100000000)
  eden space 108032K, 52% used [0x00000000e0000000,0x00000000e3722328,0x00000000e6980000)
  from space 9728K, 88% used [0x00000000e7500000,0x00000000e7d622b8,0x00000000e7e80000)
  to   space 10752K, 0% used [0x00000000e6980000,0x00000000e6980000,0x00000000e7400000)
 ParOldGen       total 57856K, used 8251K [0x00000000a0000000, 0x00000000a3880000, 0x00000000e0000000)
  object space 57856K, 14% used [0x00000000a0000000,0x00000000a080eef0,0x00000000a3880000)
 Metaspace       used 34661K, capacity 35470K, committed 35496K, reserved 1079296K
  class space    used 4774K, capacity 5032K, committed 5032K, reserved 1048576K
Event: 7.484 GC heap after
Heap after GC invocations=10 (full 1):
 PSYoungGen      total 118784K, used 10736K [0x00000000e0000000, 0x00000000e7e80000, 0x0000000100000000)
  eden space 108032K, 0% used [0x00000000e0000000,0x00000000e0000000,0x00000000e6980000)
  from space 10752K, 99% used [0x00000000e6980000,0x00000000e73fc3d8,0x00000000e7400000)
  to   space 9728K, 0% used [0x00000000e7500000,0x00000000e7500000,0x00000000e7e80000)
 ParOldGen       total 57856K, used 8497K [0x00000000a0000000, 0x00000000a3880000, 0x00000000e0000000)
  object space 57856K, 14% used [0x00000000a0000000,0x00000000a084c5c0,0x00000000a3880000)
 Metaspace       used 34661K, capacity 35470K, committed 35496K, reserved 1079296K
  class space    used 4774K, capacity 5032K, committed 5032K, reserved 1048576K
}
Event: 7.484 GC heap before
{Heap before GC invocations=11 (full 2):
 PSYoungGen      total 118784K, used 10736K [0x00000000e0000000, 0x00000000e7e80000, 0x0000000100000000)
  eden space 108032K, 0% used [0x00000000e0000000,0x00000000e0000000,0x00000000e6980000)
  from space 10752K, 99% used [0x00000000e6980000,0x00000000e73fc3d8,0x00000000e7400000)
  to   space 9728K, 0% used [0x00000000e7500000,0x00000000e7500000,0x00000000e7e80000)
 ParOldGen       total 57856K, used 8497K [0x00000000a0000000, 0x00000000a3880000, 0x00000000e0000000)
  object space 57856K, 14% used [0x00000000a0000000,0x00000000a084c5c0,0x00000000a3880000)
 Metaspace       used 34661K, capacity 35470K, committed 35496K, reserved 1079296K
  class space    used 4774K, capacity 5032K, committed 5032K, reserved 1048576K

