# JRE version: OpenJDK Runtime Environment (8.0_202-b03) (build 1.8.0_202-release-1483-b03)
# Java VM: OpenJDK 64-Bit Server VM (25.202-b03 mixed mode windows-amd64 compressed oops)
Heap:
 PSYoungGen      total 63488K, used 23490K [0x00000000e0000000, 0x00000000e5f80000, 0x0000000100000000)
  eden space 33280K, 54% used [0x00000000e0000000,0x00000000e11aacf8,0x00000000e2080000)
  from space 30208K, 17% used [0x00000000e2080000,0x00000000e25c5e18,0x00000000e3e00000)
  to   space 29696K, 0% used [0x00000000e4280000,0x00000000e4280000,0x00000000e5f80000)
 ParOldGen       total 114176K, used 75238K [0x00000000a0000000, 0x00000000a6f80000, 0x00000000e0000000)
  object space 114176K, 65% used [0x00000000a0000000,0x00000000a4979830,0x00000000a6f80000)
 Metaspace       used 65492K, capacity 67666K, committed 67880K, reserved 1107968K
  class space    used 8718K, capacity 9207K, committed 9256K, reserved 1048576K
GC Heap History (10 events):
Event: 130.575 GC heap before
{Heap before GC invocations=43 (full 4):
 PSYoungGen      total 53760K, used 8632K [0x00000000e0000000, 0x00000000e5680000, 0x0000000100000000)
  eden space 23552K, 0% used [0x00000000e0000000,0x00000000e0000000,0x00000000e1700000)
  from space 30208K, 28% used [0x00000000e1700000,0x00000000e1f6e358,0x00000000e3480000)
  to   space 29696K, 0% used [0x00000000e3980000,0x00000000e3980000,0x00000000e5680000)
 ParOldGen       total 69120K, used 67275K [0x00000000a0000000, 0x00000000a4380000, 0x00000000e0000000)
  object space 69120K, 97% used [0x00000000a0000000,0x00000000a41b2db0,0x00000000a4380000)
 Metaspace       used 63764K, capacity 66120K, committed 66216K, reserved 1105920K
  class space    used 8574K, capacity 9110K, committed 9128K, reserved 1048576K
Event: 131.152 GC heap after
Heap after GC invocations=43 (full 4):
 PSYoungGen      total 53760K, used 3890K [0x00000000e0000000, 0x00000000e5680000, 0x0000000100000000)
  eden space 23552K, 0% used [0x00000000e0000000,0x00000000e0000000,0x00000000e1700000)
  from space 30208K, 12% used [0x00000000e1700000,0x00000000e1accbb8,0x00000000e3480000)
  to   space 29696K, 0% used [0x00000000e3980000,0x00000000e3980000,0x00000000e5680000)
 ParOldGen       total 114176K, used 69070K [0x00000000a0000000, 0x00000000a6f80000, 0x00000000e0000000)
  object space 114176K, 60% used [0x00000000a0000000,0x00000000a4373880,0x00000000a6f80000)
 Metaspace       used 63640K, capacity 65788K, committed 66216K, reserved 1105920K
  class space    used 8537K, capacity 9042K, committed 9128K, reserved 1048576K
}
Event: 132.322 GC heap before
{Heap before GC invocations=44 (full 4):
 PSYoungGen      total 53760K, used 27442K [0x00000000e0000000, 0x00000000e5680000, 0x0000000100000000)
  eden space 23552K, 100% used [0x00000000e0000000,0x00000000e1700000,0x00000000e1700000)
  from space 30208K, 12% used [0x00000000e1700000,0x00000000e1accbb8,0x00000000e3480000)
  to   space 29696K, 0% used [0x00000000e3980000,0x00000000e3980000,0x00000000e5680000)
 ParOldGen       total 114176K, used 69070K [0x00000000a0000000, 0x00000000a6f80000, 0x00000000e0000000)
  object space 114176K, 60% used [0x00000000a0000000,0x00000000a4373880,0x00000000a6f80000)
 Metaspace       used 63794K, capacity 65940K, committed 66472K, reserved 1105920K
  class space    used 8555K, capacity 9046K, committed 9128K, reserved 1048576K
Event: 132.332 GC heap after
Heap after GC invocations=44 (full 4):
 PSYoungGen      total 58368K, used 4685K [0x00000000e0000000, 0x00000000e5700000, 0x0000000100000000)
  eden space 28672K, 0% used [0x00000000e0000000,0x00000000e0000000,0x00000000e1c00000)
  from space 29696K, 15% used [0x00000000e3980000,0x00000000e3e134c0,0x00000000e5680000)
  to   space 30208K, 0% used [0x00000000e1c00000,0x00000000e1c00000,0x00000000e3980000)
 ParOldGen       total 114176K, used 72057K [0x00000000a0000000, 0x00000000a6f80000, 0x00000000e0000000)
  object space 114176K, 63% used [0x00000000a0000000,0x00000000a465e5d8,0x00000000a6f80000)
 Metaspace       used 63794K, capacity 65940K, committed 66472K, reserved 1105920K
  class space    used 8555K, capacity 9046K, committed 9128K, reserved 1048576K
}
Event: 150.987 GC heap before
{Heap before GC invocations=45 (full 4):
 PSYoungGen      total 58368K, used 33353K [0x00000000e0000000, 0x00000000e5700000, 0x0000000100000000)
  eden space 28672K, 99% used [0x00000000e0000000,0x00000000e1bff2d8,0x00000000e1c00000)
  from space 29696K, 15% used [0x00000000e3980000,0x00000000e3e134c0,0x00000000e5680000)
  to   space 30208K, 0% used [0x00000000e1c00000,0x00000000e1c00000,0x00000000e3980000)
 ParOldGen       total 114176K, used 72057K [0x00000000a0000000, 0x00000000a6f80000, 0x00000000e0000000)
  object space 114176K, 63% used [0x00000000a0000000,0x00000000a465e5d8,0x00000000a6f80000)
 Metaspace       used 63996K, capacity 66178K, committed 66472K, reserved 1105920K
  class space    used 8562K, capacity 9051K, committed 9128K, reserved 1048576K
Event: 150.992 GC heap after
Heap after GC invocations=45 (full 4):
 PSYoungGen      total 58880K, used 3225K [0x00000000e0000000, 0x00000000e5c00000, 0x0000000100000000)
  eden space 28672K, 0% used [0x00000000e0000000,0x00000000e0000000,0x00000000e1c00000)
  from space 30208K, 10% used [0x00000000e1c00000,0x00000000e1f26690,0x00000000e3980000)
  to   space 30208K, 0% used [0x00000000e3e80000,0x00000000e3e80000,0x00000000e5c00000)
 ParOldGen       total 114176K, used 72934K [0x00000000a0000000, 0x00000000a6f80000, 0x00000000e0000000)
  object space 114176K, 63% used [0x00000000a0000000,0x00000000a47399c0,0x00000000a6f80000)
 Metaspace       used 63996K, capacity 66178K, committed 66472K, reserved 1105920K
  class space    used 8562K, capacity 9051K, committed 9128K, reserved 1048576K
}
Event: 153.483 GC heap before
{Heap before GC invocations=46 (full 4):
 PSYoungGen      total 58880K, used 31817K [0x00000000e0000000, 0x00000000e5c00000, 0x0000000100000000)
  eden space 28672K, 99% used [0x00000000e0000000,0x00000000e1bebf70,0x00000000e1c00000)
  from space 30208K, 10% used [0x00000000e1c00000,0x00000000e1f26690,0x00000000e3980000)
  to   space 30208K, 0% used [0x00000000e3e80000,0x00000000e3e80000,0x00000000e5c00000)
 ParOldGen       total 114176K, used 72934K [0x00000000a0000000, 0x00000000a6f80000, 0x00000000e0000000)
  object space 114176K, 63% used [0x00000000a0000000,0x00000000a47399c0,0x00000000a6f80000)
 Metaspace       used 64794K, capacity 66984K, committed 67368K, reserved 1107968K
  class space    used 8649K, capacity 9124K, committed 9256K, reserved 1048576K
Event: 153.488 GC heap after
Heap after GC invocations=46 (full 4):
 PSYoungGen      total 62976K, used 1111K [0x00000000e0000000, 0x00000000e5b80000, 0x0000000100000000)
  eden space 33280K, 0% used [0x00000000e0000000,0x00000000e0000000,0x00000000e2080000)
  from space 29696K, 3% used [0x00000000e3e80000,0x00000000e3f95e80,0x00000000e5b80000)
  to   space 30208K, 0% used [0x00000000e2080000,0x00000000e2080000,0x00000000e3e00000)
 ParOldGen       total 114176K, used 74889K [0x00000000a0000000, 0x00000000a6f80000, 0x00000000e0000000)
  object space 114176K, 65% used [0x00000000a0000000,0x00000000a49226f8,0x00000000a6f80000)
 Metaspace       used 64794K, capacity 66984K, committed 67368K, reserved 1107968K
  class space    used 8649K, capacity 9124K, committed 9256K, reserved 1048576K
}
Event: 166.875 GC heap before
{Heap before GC invocations=47 (full 4):
 PSYoungGen      total 62976K, used 34391K [0x00000000e0000000, 0x00000000e5b80000, 0x0000000100000000)
  eden space 33280K, 100% used [0x00000000e0000000,0x00000000e2080000,0x00000000e2080000)
  from space 29696K, 3% used [0x00000000e3e80000,0x00000000e3f95e80,0x00000000e5b80000)
  to   space 30208K, 0% used [0x00000000e2080000,0x00000000e2080000,0x00000000e3e00000)
 ParOldGen       total 114176K, used 74889K [0x00000000a0000000, 0x00000000a6f80000, 0x00000000e0000000)
  object space 114176K, 65% used [0x00000000a0000000,0x00000000a49226f8,0x00000000a6f80000)
 Metaspace       used 65292K, capacity 67474K, committed 67624K, reserved 1107968K
  class space    used 8701K, capacity 9207K, committed 9256K, reserved 1048576K
Event: 166.880 GC heap after
Heap after GC invocations=47 (full 4):
 PSYoungGen      total 63488K, used 5399K [0x00000000e0000000, 0x00000000e5f80000, 0x0000000100000000)
  eden space 33280K, 0% used [0x00000000e0000000,0x00000000e0000000,0x00000000e2080000)
  from space 30208K, 17% used [0x00000000e2080000,0x00000000e25c5e18,0x00000000e3e00000)
  to   space 29696K, 0% used [0x00000000e4280000,0x00000000e4280000,0x00000000e5f80000)
 ParOldGen       total 114176K, used 75238K [0x00000000a0000000, 0x00000000a6f80000, 0x00000000e0000000)
  object space 114176K, 65% used [0x00000000a0000000,0x00000000a4979830,0x00000000a6f80000)
 Metaspace       used 65292K, capacity 67474K, committed 67624K, reserved 1107968K
  class space    used 8701K, capacity 9207K, committed 9256K, reserved 1048576K
}

