# JRE version: OpenJDK Runtime Environment (8.0_212-b04) (build 1.8.0_212-release-1586-b04)
# Java VM: OpenJDK 64-Bit Server VM (25.212-b04 mixed mode windows-amd64 compressed oops)
Heap:
 PSYoungGen      total 114688K, used 42693K [0x00000000e0000000, 0x00000000ea400000, 0x0000000100000000)
  eden space 104448K, 31% used [0x00000000e0000000,0x00000000e1fb3878,0x00000000e6600000)
  from space 10240K, 99% used [0x00000000e7400000,0x00000000e7dfdd08,0x00000000e7e00000)
  to   space 14336K, 0% used [0x00000000e6600000,0x00000000e6600000,0x00000000e7400000)
 ParOldGen       total 57856K, used 21940K [0x00000000a0000000, 0x00000000a3880000, 0x00000000e0000000)
  object space 57856K, 37% used [0x00000000a0000000,0x00000000a156d130,0x00000000a3880000)
 Metaspace       used 47493K, capacity 48818K, committed 49064K, reserved 1091584K
  class space    used 6404K, capacity 6760K, committed 6824K, reserved 1048576K
GC Heap History (10 events):
Event: 7.183 GC heap before
{Heap before GC invocations=8 (full 1):
 PSYoungGen      total 76288K, used 66560K [0x00000000e0000000, 0x00000000e5500000, 0x0000000100000000)
  eden space 66560K, 100% used [0x00000000e0000000,0x00000000e4100000,0x00000000e4100000)
  from space 9728K, 0% used [0x00000000e4b80000,0x00000000e4b80000,0x00000000e5500000)
  to   space 10240K, 0% used [0x00000000e4100000,0x00000000e4100000,0x00000000e4b00000)
 ParOldGen       total 57856K, used 8253K [0x00000000a0000000, 0x00000000a3880000, 0x00000000e0000000)
  object space 57856K, 14% used [0x00000000a0000000,0x00000000a080f738,0x00000000a3880000)
 Metaspace       used 28961K, capacity 29518K, committed 29696K, reserved 1075200K
  class space    used 3913K, capacity 4095K, committed 4096K, reserved 1048576K
Event: 7.196 GC heap after
Heap after GC invocations=8 (full 1):
 PSYoungGen      total 76800K, used 8047K [0x00000000e0000000, 0x00000000e7e00000, 0x0000000100000000)
  eden space 66560K, 0% used [0x00000000e0000000,0x00000000e0000000,0x00000000e4100000)
  from space 10240K, 78% used [0x00000000e4100000,0x00000000e48dbf60,0x00000000e4b00000)
  to   space 10240K, 0% used [0x00000000e7400000,0x00000000e7400000,0x00000000e7e00000)
 ParOldGen       total 57856K, used 8261K [0x00000000a0000000, 0x00000000a3880000, 0x00000000e0000000)
  object space 57856K, 14% used [0x00000000a0000000,0x00000000a0811738,0x00000000a3880000)
 Metaspace       used 28961K, capacity 29518K, committed 29696K, reserved 1075200K
  class space    used 3913K, capacity 4095K, committed 4096K, reserved 1048576K
}
Event: 8.322 GC heap before
{Heap before GC invocations=9 (full 1):
 PSYoungGen      total 76800K, used 74607K [0x00000000e0000000, 0x00000000e7e00000, 0x0000000100000000)
  eden space 66560K, 100% used [0x00000000e0000000,0x00000000e4100000,0x00000000e4100000)
  from space 10240K, 78% used [0x00000000e4100000,0x00000000e48dbf60,0x00000000e4b00000)
  to   space 10240K, 0% used [0x00000000e7400000,0x00000000e7400000,0x00000000e7e00000)
 ParOldGen       total 57856K, used 8261K [0x00000000a0000000, 0x00000000a3880000, 0x00000000e0000000)
  object space 57856K, 14% used [0x00000000a0000000,0x00000000a0811738,0x00000000a3880000)
 Metaspace       used 32175K, capacity 32748K, committed 33152K, reserved 1077248K
  class space    used 4442K, capacity 4617K, committed 4736K, reserved 1048576K
Event: 8.340 GC heap after
Heap after GC invocations=9 (full 1):
 PSYoungGen      total 118272K, used 8566K [0x00000000e0000000, 0x00000000e7e80000, 0x0000000100000000)
  eden space 108032K, 0% used [0x00000000e0000000,0x00000000e0000000,0x00000000e6980000)
  from space 10240K, 83% used [0x00000000e7400000,0x00000000e7c5dac0,0x00000000e7e00000)
  to   space 10752K, 0% used [0x00000000e6980000,0x00000000e6980000,0x00000000e7400000)
 ParOldGen       total 57856K, used 8269K [0x00000000a0000000, 0x00000000a3880000, 0x00000000e0000000)
  object space 57856K, 14% used [0x00000000a0000000,0x00000000a0813738,0x00000000a3880000)
 Metaspace       used 32175K, capacity 32748K, committed 33152K, reserved 1077248K
  class space    used 4442K, capacity 4617K, committed 4736K, reserved 1048576K
}
Event: 9.665 GC heap before
{Heap before GC invocations=10 (full 1):
 PSYoungGen      total 118272K, used 65055K [0x00000000e0000000, 0x00000000e7e80000, 0x0000000100000000)
  eden space 108032K, 52% used [0x00000000e0000000,0x00000000e372a1f8,0x00000000e6980000)
  from space 10240K, 83% used [0x00000000e7400000,0x00000000e7c5dac0,0x00000000e7e00000)
  to   space 10752K, 0% used [0x00000000e6980000,0x00000000e6980000,0x00000000e7400000)
 ParOldGen       total 57856K, used 8269K [0x00000000a0000000, 0x00000000a3880000, 0x00000000e0000000)
  object space 57856K, 14% used [0x00000000a0000000,0x00000000a0813738,0x00000000a3880000)
 Metaspace       used 34641K, capacity 35462K, committed 35496K, reserved 1079296K
  class space    used 4775K, capacity 5030K, committed 5032K, reserved 1048576K
Event: 9.681 GC heap after
Heap after GC invocations=10 (full 1):
 PSYoungGen      total 118784K, used 10748K [0x00000000e0000000, 0x00000000e7e80000, 0x0000000100000000)
  eden space 108032K, 0% used [0x00000000e0000000,0x00000000e0000000,0x00000000e6980000)
  from space 10752K, 99% used [0x00000000e6980000,0x00000000e73ff038,0x00000000e7400000)
  to   space 10240K, 0% used [0x00000000e7400000,0x00000000e7400000,0x00000000e7e00000)
 ParOldGen       total 57856K, used 8541K [0x00000000a0000000, 0x00000000a3880000, 0x00000000e0000000)
  object space 57856K, 14% used [0x00000000a0000000,0x00000000a08575f0,0x00000000a3880000)
 Metaspace       used 34641K, capacity 35462K, committed 35496K, reserved 1079296K
  class space    used 4775K, capacity 5030K, committed 5032K, reserved 1048576K
}
Event: 9.681 GC heap before
{Heap before GC invocations=11 (full 2):
 PSYoungGen      total 118784K, used 10748K [0x00000000e0000000, 0x00000000e7e80000, 0x0000000100000000)
  eden space 108032K, 0% used [0x00000000e0000000,0x00000000e0000000,0x00000000e6980000)
  from space 10752K, 99% used [0x00000000e6980000,0x00000000e73ff038,0x00000000e7400000)
  to   space 10240K, 0% used [0x00000000e7400000,0x00000000e7400000,0x00000000e7e00000)
 ParOldGen       total 57856K, used 8541K [0x00000000a0000000, 0x00000000a3880000, 0x00000000e0000000)
  object space 57856K, 14% used [0x00000000a0000000,0x00000000a08575f0,0x00000000a3880000)
 Metaspace       used 34641K, capacity 35462K, committed 35496K, reserved 1079296K
  class space    used 4775K, capacity 5030K, committed 5032K, reserved 1048576K
Event: 9.776 GC heap after
Heap after GC invocations=11 (full 2):
 PSYoungGen      total 118784K, used 0K [0x00000000e0000000, 0x00000000e7e80000, 0x0000000100000000)
  eden space 108032K, 0% used [0x00000000e0000000,0x00000000e0000000,0x00000000e6980000)
  from space 10752K, 0% used [0x00000000e6980000,0x00000000e6980000,0x00000000e7400000)
  to   space 10240K, 0% used [0x00000000e7400000,0x00000000e7400000,0x00000000e7e00000)
 ParOldGen       total 57856K, used 17900K [0x00000000a0000000, 0x00000000a3880000, 0x00000000e0000000)
  object space 57856K, 30% used [0x00000000a0000000,0x00000000a117b110,0x00000000a3880000)
 Metaspace       used 34621K, capacity 35396K, committed 35496K, reserved 1079296K
  class space    used 4769K, capacity 5019K, committed 5032K, reserved 1048576K
}
Event: 12.266 GC heap before
{Heap before GC invocations=12 (full 2):
 PSYoungGen      total 118784K, used 108032K [0x00000000e0000000, 0x00000000e7e80000, 0x0000000100000000)
  eden space 108032K, 100% used [0x00000000e0000000,0x00000000e6980000,0x00000000e6980000)
  from space 10752K, 0% used [0x00000000e6980000,0x00000000e6980000,0x00000000e7400000)
  to   space 10240K, 0% used [0x00000000e7400000,0x00000000e7400000,0x00000000e7e00000)
 ParOldGen       total 57856K, used 17900K [0x00000000a0000000, 0x00000000a3880000, 0x00000000e0000000)
  object space 57856K, 30% used [0x00000000a0000000,0x00000000a117b110,0x00000000a3880000)
 Metaspace       used 45316K, capacity 46364K, committed 46632K, reserved 1089536K
  class space    used 6100K, capacity 6407K, committed 6440K, reserved 1048576K
Event: 12.298 GC heap after
Heap after GC invocations=12 (full 2):
 PSYoungGen      total 114688K, used 10231K [0x00000000e0000000, 0x00000000ea400000, 0x0000000100000000)
  eden space 104448K, 0% used [0x00000000e0000000,0x00000000e0000000,0x00000000e6600000)
  from space 10240K, 99% used [0x00000000e7400000,0x00000000e7dfdd08,0x00000000e7e00000)
  to   space 14336K, 0% used [0x00000000e6600000,0x00000000e6600000,0x00000000e7400000)
 ParOldGen       total 57856K, used 21940K [0x00000000a0000000, 0x00000000a3880000, 0x00000000e0000000)
  object space 57856K, 37% used [0x00000000a0000000,0x00000000a156d130,0x00000000a3880000)
 Metaspace       used 45316K, capacity 46364K, committed 46632K, reserved 1089536K
  class space    used 6100K, capacity 6407K, committed 6440K, reserved 1048576K
}

