# JRE version: OpenJDK Runtime Environment (8.0_212-b04) (build 1.8.0_212-release-1586-b04)
# Java VM: OpenJDK 64-Bit Server VM (25.212-b04 mixed mode windows-amd64 compressed oops)
Heap:
 PSYoungGen      total 99840K, used 60668K [0x00000000e0000000, 0x00000000e8e80000, 0x0000000100000000)
  eden space 88064K, 55% used [0x00000000e0000000,0x00000000e2fc22c0,0x00000000e5600000)
  from space 11776K, 99% used [0x00000000e6400000,0x00000000e6f7d090,0x00000000e6f80000)
  to   space 14336K, 0% used [0x00000000e5600000,0x00000000e5600000,0x00000000e6400000)
 ParOldGen       total 65536K, used 17291K [0x00000000a0000000, 0x00000000a4000000, 0x00000000e0000000)
  object space 65536K, 26% used [0x00000000a0000000,0x00000000a10e2c88,0x00000000a4000000)
 Metaspace       used 46722K, capacity 47892K, committed 48168K, reserved 1091584K
  class space    used 6298K, capacity 6623K, committed 6696K, reserved 1048576K
GC Heap History (10 events):
Event: 7.841 GC heap before
{Heap before GC invocations=8 (full 1):
 PSYoungGen      total 65024K, used 65023K [0x00000000e0000000, 0x00000000e7900000, 0x0000000100000000)
  eden space 59904K, 100% used [0x00000000e0000000,0x00000000e3a80000,0x00000000e3a80000)
  from space 5120K, 99% used [0x00000000e4600000,0x00000000e4affdc0,0x00000000e4b00000)
  to   space 11776K, 0% used [0x00000000e3a80000,0x00000000e3a80000,0x00000000e4600000)
 ParOldGen       total 65536K, used 13805K [0x00000000a0000000, 0x00000000a4000000, 0x00000000e0000000)
  object space 65536K, 21% used [0x00000000a0000000,0x00000000a0d7b4a0,0x00000000a4000000)
 Metaspace       used 31905K, capacity 32464K, committed 32768K, reserved 1077248K
  class space    used 4403K, capacity 4585K, committed 4608K, reserved 1048576K
Event: 7.853 GC heap after
Heap after GC invocations=8 (full 1):
 PSYoungGen      total 71680K, used 8204K [0x00000000e0000000, 0x00000000e6f80000, 0x0000000100000000)
  eden space 59904K, 0% used [0x00000000e0000000,0x00000000e0000000,0x00000000e3a80000)
  from space 11776K, 69% used [0x00000000e3a80000,0x00000000e4283378,0x00000000e4600000)
  to   space 11776K, 0% used [0x00000000e6400000,0x00000000e6400000,0x00000000e6f80000)
 ParOldGen       total 65536K, used 13813K [0x00000000a0000000, 0x00000000a4000000, 0x00000000e0000000)
  object space 65536K, 21% used [0x00000000a0000000,0x00000000a0d7d4a0,0x00000000a4000000)
 Metaspace       used 31905K, capacity 32464K, committed 32768K, reserved 1077248K
  class space    used 4403K, capacity 4585K, committed 4608K, reserved 1048576K
}
Event: 9.792 GC heap before
{Heap before GC invocations=9 (full 1):
 PSYoungGen      total 71680K, used 68108K [0x00000000e0000000, 0x00000000e6f80000, 0x0000000100000000)
  eden space 59904K, 100% used [0x00000000e0000000,0x00000000e3a80000,0x00000000e3a80000)
  from space 11776K, 69% used [0x00000000e3a80000,0x00000000e4283378,0x00000000e4600000)
  to   space 11776K, 0% used [0x00000000e6400000,0x00000000e6400000,0x00000000e6f80000)
 ParOldGen       total 65536K, used 13813K [0x00000000a0000000, 0x00000000a4000000, 0x00000000e0000000)
  object space 65536K, 21% used [0x00000000a0000000,0x00000000a0d7d4a0,0x00000000a4000000)
 Metaspace       used 34508K, capacity 35314K, committed 35496K, reserved 1079296K
  class space    used 4766K, capacity 4994K, committed 5032K, reserved 1048576K
Event: 9.808 GC heap after
Heap after GC invocations=9 (full 1):
 PSYoungGen      total 100864K, used 11153K [0x00000000e0000000, 0x00000000e7000000, 0x0000000100000000)
  eden space 89088K, 0% used [0x00000000e0000000,0x00000000e0000000,0x00000000e5700000)
  from space 11776K, 94% used [0x00000000e6400000,0x00000000e6ee47f8,0x00000000e6f80000)
  to   space 12800K, 0% used [0x00000000e5700000,0x00000000e5700000,0x00000000e6380000)
 ParOldGen       total 65536K, used 13821K [0x00000000a0000000, 0x00000000a4000000, 0x00000000e0000000)
  object space 65536K, 21% used [0x00000000a0000000,0x00000000a0d7f4a0,0x00000000a4000000)
 Metaspace       used 34508K, capacity 35314K, committed 35496K, reserved 1079296K
  class space    used 4766K, capacity 4994K, committed 5032K, reserved 1048576K
}
Event: 9.964 GC heap before
{Heap before GC invocations=10 (full 1):
 PSYoungGen      total 100864K, used 13013K [0x00000000e0000000, 0x00000000e7000000, 0x0000000100000000)
  eden space 89088K, 2% used [0x00000000e0000000,0x00000000e01d0e40,0x00000000e5700000)
  from space 11776K, 94% used [0x00000000e6400000,0x00000000e6ee47f8,0x00000000e6f80000)
  to   space 12800K, 0% used [0x00000000e5700000,0x00000000e5700000,0x00000000e6380000)
 ParOldGen       total 65536K, used 13821K [0x00000000a0000000, 0x00000000a4000000, 0x00000000e0000000)
  object space 65536K, 21% used [0x00000000a0000000,0x00000000a0d7f4a0,0x00000000a4000000)
 Metaspace       used 34572K, capacity 35394K, committed 35496K, reserved 1079296K
  class space    used 4775K, capacity 5002K, committed 5032K, reserved 1048576K
Event: 9.974 GC heap after
Heap after GC invocations=10 (full 1):
 PSYoungGen      total 101888K, used 9015K [0x00000000e0000000, 0x00000000e7000000, 0x0000000100000000)
  eden space 89088K, 0% used [0x00000000e0000000,0x00000000e0000000,0x00000000e5700000)
  from space 12800K, 70% used [0x00000000e5700000,0x00000000e5fcdd68,0x00000000e6380000)
  to   space 11776K, 0% used [0x00000000e6400000,0x00000000e6400000,0x00000000e6f80000)
 ParOldGen       total 65536K, used 13829K [0x00000000a0000000, 0x00000000a4000000, 0x00000000e0000000)
  object space 65536K, 21% used [0x00000000a0000000,0x00000000a0d814a0,0x00000000a4000000)
 Metaspace       used 34572K, capacity 35394K, committed 35496K, reserved 1079296K
  class space    used 4775K, capacity 5002K, committed 5032K, reserved 1048576K
}
Event: 9.974 GC heap before
{Heap before GC invocations=11 (full 2):
 PSYoungGen      total 101888K, used 9015K [0x00000000e0000000, 0x00000000e7000000, 0x0000000100000000)
  eden space 89088K, 0% used [0x00000000e0000000,0x00000000e0000000,0x00000000e5700000)
  from space 12800K, 70% used [0x00000000e5700000,0x00000000e5fcdd68,0x00000000e6380000)
  to   space 11776K, 0% used [0x00000000e6400000,0x00000000e6400000,0x00000000e6f80000)
 ParOldGen       total 65536K, used 13829K [0x00000000a0000000, 0x00000000a4000000, 0x00000000e0000000)
  object space 65536K, 21% used [0x00000000a0000000,0x00000000a0d814a0,0x00000000a4000000)
 Metaspace       used 34572K, capacity 35394K, committed 35496K, reserved 1079296K
  class space    used 4775K, capacity 5002K, committed 5032K, reserved 1048576K
Event: 10.096 GC heap after
Heap after GC invocations=11 (full 2):
 PSYoungGen      total 101888K, used 0K [0x00000000e0000000, 0x00000000e7000000, 0x0000000100000000)
  eden space 89088K, 0% used [0x00000000e0000000,0x00000000e0000000,0x00000000e5700000)
  from space 12800K, 0% used [0x00000000e5700000,0x00000000e5700000,0x00000000e6380000)
  to   space 11776K, 0% used [0x00000000e6400000,0x00000000e6400000,0x00000000e6f80000)
 ParOldGen       total 65536K, used 15898K [0x00000000a0000000, 0x00000000a4000000, 0x00000000e0000000)
  object space 65536K, 24% used [0x00000000a0000000,0x00000000a0f86ab0,0x00000000a4000000)
 Metaspace       used 34546K, capacity 35304K, committed 35496K, reserved 1079296K
  class space    used 4767K, capacity 4987K, committed 5032K, reserved 1048576K
}
Event: 12.737 GC heap before
{Heap before GC invocations=12 (full 2):
 PSYoungGen      total 101888K, used 88622K [0x00000000e0000000, 0x00000000e7000000, 0x0000000100000000)
  eden space 89088K, 99% used [0x00000000e0000000,0x00000000e568ba20,0x00000000e5700000)
  from space 12800K, 0% used [0x00000000e5700000,0x00000000e5700000,0x00000000e6380000)
  to   space 11776K, 0% used [0x00000000e6400000,0x00000000e6400000,0x00000000e6f80000)
 ParOldGen       total 65536K, used 15898K [0x00000000a0000000, 0x00000000a4000000, 0x00000000e0000000)
  object space 65536K, 24% used [0x00000000a0000000,0x00000000a0f86ab0,0x00000000a4000000)
 Metaspace       used 44218K, capacity 45244K, committed 45480K, reserved 1089536K
  class space    used 5971K, capacity 6252K, committed 6312K, reserved 1048576K
Event: 12.748 GC heap after
Heap after GC invocations=12 (full 2):
 PSYoungGen      total 99840K, used 11764K [0x00000000e0000000, 0x00000000e8e80000, 0x0000000100000000)
  eden space 88064K, 0% used [0x00000000e0000000,0x00000000e0000000,0x00000000e5600000)
  from space 11776K, 99% used [0x00000000e6400000,0x00000000e6f7d090,0x00000000e6f80000)
  to   space 14336K, 0% used [0x00000000e5600000,0x00000000e5600000,0x00000000e6400000)
 ParOldGen       total 65536K, used 17291K [0x00000000a0000000, 0x00000000a4000000, 0x00000000e0000000)
  object space 65536K, 26% used [0x00000000a0000000,0x00000000a10e2c88,0x00000000a4000000)
 Metaspace       used 44218K, capacity 45244K, committed 45480K, reserved 1089536K
  class space    used 5971K, capacity 6252K, committed 6312K, reserved 1048576K
}

