# JRE version: OpenJDK Runtime Environment (8.0_202-b03) (build 1.8.0_202-release-1483-b03)
# Java VM: OpenJDK 64-Bit Server VM (25.202-b03 mixed mode windows-amd64 compressed oops)
Heap:
 PSYoungGen      total 479232K, used 453394K [0x00000000e0000000, 0x00000000ffd80000, 0x0000000100000000)
  eden space 438272K, 100% used [0x00000000e0000000,0x00000000fac00000,0x00000000fac00000)
  from space 40960K, 36% used [0x00000000fac00000,0x00000000fbac4808,0x00000000fd400000)
  to   space 39424K, 2% used [0x00000000fd700000,0x00000000fd820000,0x00000000ffd80000)
 ParOldGen       total 262656K, used 90486K [0x00000000a0000000, 0x00000000b0080000, 0x00000000e0000000)
  object space 262656K, 34% used [0x00000000a0000000,0x00000000a5863b48,0x00000000b0080000)
 Metaspace       used 134651K, capacity 142918K, committed 151832K, reserved 1181696K
  class space    used 16947K, capacity 18379K, committed 20008K, reserved 1048576K
GC Heap History (10 events):
Event: 14464.878 GC heap before
{Heap before GC invocations=86 (full 5):
 PSYoungGen      total 471552K, used 433034K [0x00000000e0000000, 0x0000000100000000, 0x0000000100000000)
  eden space 423936K, 100% used [0x00000000e0000000,0x00000000f9e00000,0x00000000f9e00000)
  from space 47616K, 19% used [0x00000000fcb80000,0x00000000fd462980,0x00000000ffa00000)
  to   space 46592K, 0% used [0x00000000f9e00000,0x00000000f9e00000,0x00000000fcb80000)
 ParOldGen       total 262656K, used 78494K [0x00000000a0000000, 0x00000000b0080000, 0x00000000e0000000)
  object space 262656K, 29% used [0x00000000a0000000,0x00000000a4ca7b00,0x00000000b0080000)
 Metaspace       used 134609K, capacity 142916K, committed 151832K, reserved 1181696K
  class space    used 16946K, capacity 18378K, committed 20008K, reserved 1048576K
Event: 14464.900 GC heap after
Heap after GC invocations=86 (full 5):
 PSYoungGen      total 470528K, used 10559K [0x00000000e0000000, 0x00000000ffd00000, 0x0000000100000000)
  eden space 423936K, 0% used [0x00000000e0000000,0x00000000e0000000,0x00000000f9e00000)
  from space 46592K, 22% used [0x00000000f9e00000,0x00000000fa84fe18,0x00000000fcb80000)
  to   space 45568K, 0% used [0x00000000fd080000,0x00000000fd080000,0x00000000ffd00000)
 ParOldGen       total 262656K, used 78494K [0x00000000a0000000, 0x00000000b0080000, 0x00000000e0000000)
  object space 262656K, 29% used [0x00000000a0000000,0x00000000a4ca7b00,0x00000000b0080000)
 Metaspace       used 134609K, capacity 142916K, committed 151832K, reserved 1181696K
  class space    used 16946K, capacity 18378K, committed 20008K, reserved 1048576K
}
Event: 14465.978 GC heap before
{Heap before GC invocations=87 (full 5):
 PSYoungGen      total 470528K, used 434495K [0x00000000e0000000, 0x00000000ffd00000, 0x0000000100000000)
  eden space 423936K, 100% used [0x00000000e0000000,0x00000000f9e00000,0x00000000f9e00000)
  from space 46592K, 22% used [0x00000000f9e00000,0x00000000fa84fe18,0x00000000fcb80000)
  to   space 45568K, 0% used [0x00000000fd080000,0x00000000fd080000,0x00000000ffd00000)
 ParOldGen       total 262656K, used 78494K [0x00000000a0000000, 0x00000000b0080000, 0x00000000e0000000)
  object space 262656K, 29% used [0x00000000a0000000,0x00000000a4ca7b00,0x00000000b0080000)
 Metaspace       used 134609K, capacity 142916K, committed 151832K, reserved 1181696K
  class space    used 16946K, capacity 18378K, committed 20008K, reserved 1048576K
Event: 14466.014 GC heap after
Heap after GC invocations=87 (full 5):
 PSYoungGen      total 475648K, used 20391K [0x00000000e0000000, 0x00000000ffb00000, 0x0000000100000000)
  eden space 432128K, 0% used [0x00000000e0000000,0x00000000e0000000,0x00000000fa600000)
  from space 43520K, 46% used [0x00000000fd080000,0x00000000fe469f58,0x00000000ffb00000)
  to   space 43520K, 0% used [0x00000000fa600000,0x00000000fa600000,0x00000000fd080000)
 ParOldGen       total 262656K, used 78494K [0x00000000a0000000, 0x00000000b0080000, 0x00000000e0000000)
  object space 262656K, 29% used [0x00000000a0000000,0x00000000a4ca7b00,0x00000000b0080000)
 Metaspace       used 134609K, capacity 142916K, committed 151832K, reserved 1181696K
  class space    used 16946K, capacity 18378K, committed 20008K, reserved 1048576K
}
Event: 14466.639 GC heap before
{Heap before GC invocations=88 (full 5):
 PSYoungGen      total 475648K, used 452519K [0x00000000e0000000, 0x00000000ffb00000, 0x0000000100000000)
  eden space 432128K, 100% used [0x00000000e0000000,0x00000000fa600000,0x00000000fa600000)
  from space 43520K, 46% used [0x00000000fd080000,0x00000000fe469f58,0x00000000ffb00000)
  to   space 43520K, 0% used [0x00000000fa600000,0x00000000fa600000,0x00000000fd080000)
 ParOldGen       total 262656K, used 78494K [0x00000000a0000000, 0x00000000b0080000, 0x00000000e0000000)
  object space 262656K, 29% used [0x00000000a0000000,0x00000000a4ca7b00,0x00000000b0080000)
 Metaspace       used 134610K, capacity 142916K, committed 151832K, reserved 1181696K
  class space    used 16946K, capacity 18378K, committed 20008K, reserved 1048576K
Event: 14466.664 GC heap after
Heap after GC invocations=88 (full 5):
 PSYoungGen      total 475648K, used 22800K [0x00000000e0000000, 0x00000000ffe00000, 0x0000000100000000)
  eden space 432128K, 0% used [0x00000000e0000000,0x00000000e0000000,0x00000000fa600000)
  from space 43520K, 52% used [0x00000000fa600000,0x00000000fbc44130,0x00000000fd080000)
  to   space 42496K, 0% used [0x00000000fd480000,0x00000000fd480000,0x00000000ffe00000)
 ParOldGen       total 262656K, used 78494K [0x00000000a0000000, 0x00000000b0080000, 0x00000000e0000000)
  object space 262656K, 29% used [0x00000000a0000000,0x00000000a4ca7b00,0x00000000b0080000)
 Metaspace       used 134610K, capacity 142916K, committed 151832K, reserved 1181696K
  class space    used 16946K, capacity 18378K, committed 20008K, reserved 1048576K
}
Event: 14467.280 GC heap before
{Heap before GC invocations=89 (full 5):
 PSYoungGen      total 475648K, used 454928K [0x00000000e0000000, 0x00000000ffe00000, 0x0000000100000000)
  eden space 432128K, 100% used [0x00000000e0000000,0x00000000fa600000,0x00000000fa600000)
  from space 43520K, 52% used [0x00000000fa600000,0x00000000fbc44130,0x00000000fd080000)
  to   space 42496K, 0% used [0x00000000fd480000,0x00000000fd480000,0x00000000ffe00000)
 ParOldGen       total 262656K, used 78494K [0x00000000a0000000, 0x00000000b0080000, 0x00000000e0000000)
  object space 262656K, 29% used [0x00000000a0000000,0x00000000a4ca7b00,0x00000000b0080000)
 Metaspace       used 134631K, capacity 142916K, committed 151832K, reserved 1181696K
  class space    used 16946K, capacity 18378K, committed 20008K, reserved 1048576K
Event: 14467.303 GC heap after
Heap after GC invocations=89 (full 5):
 PSYoungGen      total 478720K, used 16028K [0x00000000e0000000, 0x00000000ffc00000, 0x0000000100000000)
  eden space 438272K, 0% used [0x00000000e0000000,0x00000000e0000000,0x00000000fac00000)
  from space 40448K, 39% used [0x00000000fd480000,0x00000000fe427210,0x00000000ffc00000)
  to   space 40960K, 0% used [0x00000000fac00000,0x00000000fac00000,0x00000000fd400000)
 ParOldGen       total 262656K, used 81974K [0x00000000a0000000, 0x00000000b0080000, 0x00000000e0000000)
  object space 262656K, 31% used [0x00000000a0000000,0x00000000a500d940,0x00000000b0080000)
 Metaspace       used 134631K, capacity 142916K, committed 151832K, reserved 1181696K
  class space    used 16946K, capacity 18378K, committed 20008K, reserved 1048576K
}
Event: 14467.860 GC heap before
{Heap before GC invocations=90 (full 5):
 PSYoungGen      total 478720K, used 454300K [0x00000000e0000000, 0x00000000ffc00000, 0x0000000100000000)
  eden space 438272K, 100% used [0x00000000e0000000,0x00000000fac00000,0x00000000fac00000)
  from space 40448K, 39% used [0x00000000fd480000,0x00000000fe427210,0x00000000ffc00000)
  to   space 40960K, 0% used [0x00000000fac00000,0x00000000fac00000,0x00000000fd400000)
 ParOldGen       total 262656K, used 81974K [0x00000000a0000000, 0x00000000b0080000, 0x00000000e0000000)
  object space 262656K, 31% used [0x00000000a0000000,0x00000000a500d940,0x00000000b0080000)
 Metaspace       used 134642K, capacity 142918K, committed 151832K, reserved 1181696K
  class space    used 16947K, capacity 18379K, committed 20008K, reserved 1048576K
Event: 14467.909 GC heap after
Heap after GC invocations=90 (full 5):
 PSYoungGen      total 479232K, used 15122K [0x00000000e0000000, 0x00000000ffd80000, 0x0000000100000000)
  eden space 438272K, 0% used [0x00000000e0000000,0x00000000e0000000,0x00000000fac00000)
  from space 40960K, 36% used [0x00000000fac00000,0x00000000fbac4808,0x00000000fd400000)
  to   space 39424K, 0% used [0x00000000fd700000,0x00000000fd700000,0x00000000ffd80000)
 ParOldGen       total 262656K, used 88436K [0x00000000a0000000, 0x00000000b0080000, 0x00000000e0000000)
  object space 262656K, 33% used [0x00000000a0000000,0x00000000a565d350,0x00000000b0080000)
 Metaspace       used 134642K, capacity 142918K, committed 151832K, reserved 1181696K
  class space    used 16947K, capacity 18379K, committed 20008K, reserved 1048576K
}

