# JRE version: OpenJDK Runtime Environment (8.0_212-b04) (build 1.8.0_212-release-1586-b04)
# Java VM: OpenJDK 64-Bit Server VM (25.212-b04 mixed mode windows-amd64 compressed oops)
Heap:
 PSYoungGen      total 115200K, used 35668K [0x00000000e0000000, 0x00000000ea480000, 0x0000000100000000)
  eden space 104960K, 24% used [0x00000000e0000000,0x00000000e18dbcb8,0x00000000e6680000)
  from space 10240K, 99% used [0x00000000e7480000,0x00000000e7e79480,0x00000000e7e80000)
  to   space 14336K, 0% used [0x00000000e6680000,0x00000000e6680000,0x00000000e7480000)
 ParOldGen       total 89088K, used 21770K [0x00000000a0000000, 0x00000000a5700000, 0x00000000e0000000)
  object space 89088K, 24% used [0x00000000a0000000,0x00000000a1542960,0x00000000a5700000)
 Metaspace       used 45488K, capacity 46510K, committed 46936K, reserved 1089536K
  class space    used 6136K, capacity 6430K, committed 6528K, reserved 1048576K
GC Heap History (10 events):
Event: 7.362 GC heap before
{Heap before GC invocations=8 (full 1):
 PSYoungGen      total 76288K, used 66560K [0x00000000e0000000, 0x00000000e5500000, 0x0000000100000000)
  eden space 66560K, 100% used [0x00000000e0000000,0x00000000e4100000,0x00000000e4100000)
  from space 9728K, 0% used [0x00000000e4b80000,0x00000000e4b80000,0x00000000e5500000)
  to   space 10240K, 0% used [0x00000000e4100000,0x00000000e4100000,0x00000000e4b00000)
 ParOldGen       total 57344K, used 7608K [0x00000000a0000000, 0x00000000a3800000, 0x00000000e0000000)
  object space 57344K, 13% used [0x00000000a0000000,0x00000000a076e1b0,0x00000000a3800000)
 Metaspace       used 28478K, capacity 28934K, committed 29440K, reserved 1075200K
  class space    used 3842K, capacity 4006K, committed 4096K, reserved 1048576K
Event: 7.387 GC heap after
Heap after GC invocations=8 (full 1):
 PSYoungGen      total 76800K, used 7744K [0x00000000e0000000, 0x00000000e7e80000, 0x0000000100000000)
  eden space 66560K, 0% used [0x00000000e0000000,0x00000000e0000000,0x00000000e4100000)
  from space 10240K, 75% used [0x00000000e4100000,0x00000000e48902f8,0x00000000e4b00000)
  to   space 10240K, 0% used [0x00000000e7480000,0x00000000e7480000,0x00000000e7e80000)
 ParOldGen       total 57344K, used 7616K [0x00000000a0000000, 0x00000000a3800000, 0x00000000e0000000)
  object space 57344K, 13% used [0x00000000a0000000,0x00000000a07701b0,0x00000000a3800000)
 Metaspace       used 28478K, capacity 28934K, committed 29440K, reserved 1075200K
  class space    used 3842K, capacity 4006K, committed 4096K, reserved 1048576K
}
Event: 8.642 GC heap before
{Heap before GC invocations=9 (full 1):
 PSYoungGen      total 76800K, used 74304K [0x00000000e0000000, 0x00000000e7e80000, 0x0000000100000000)
  eden space 66560K, 100% used [0x00000000e0000000,0x00000000e4100000,0x00000000e4100000)
  from space 10240K, 75% used [0x00000000e4100000,0x00000000e48902f8,0x00000000e4b00000)
  to   space 10240K, 0% used [0x00000000e7480000,0x00000000e7480000,0x00000000e7e80000)
 ParOldGen       total 57344K, used 7616K [0x00000000a0000000, 0x00000000a3800000, 0x00000000e0000000)
  object space 57344K, 13% used [0x00000000a0000000,0x00000000a07701b0,0x00000000a3800000)
 Metaspace       used 31910K, capacity 32382K, committed 32768K, reserved 1077248K
  class space    used 4392K, capacity 4558K, committed 4608K, reserved 1048576K
Event: 8.659 GC heap after
Heap after GC invocations=9 (full 1):
 PSYoungGen      total 118272K, used 8765K [0x00000000e0000000, 0x00000000e7e80000, 0x0000000100000000)
  eden space 108032K, 0% used [0x00000000e0000000,0x00000000e0000000,0x00000000e6980000)
  from space 10240K, 85% used [0x00000000e7480000,0x00000000e7d0f778,0x00000000e7e80000)
  to   space 10752K, 0% used [0x00000000e6980000,0x00000000e6980000,0x00000000e7400000)
 ParOldGen       total 57344K, used 7624K [0x00000000a0000000, 0x00000000a3800000, 0x00000000e0000000)
  object space 57344K, 13% used [0x00000000a0000000,0x00000000a07721b0,0x00000000a3800000)
 Metaspace       used 31910K, capacity 32382K, committed 32768K, reserved 1077248K
  class space    used 4392K, capacity 4558K, committed 4608K, reserved 1048576K
}
Event: 10.201 GC heap before
{Heap before GC invocations=10 (full 1):
 PSYoungGen      total 118272K, used 65275K [0x00000000e0000000, 0x00000000e7e80000, 0x0000000100000000)
  eden space 108032K, 52% used [0x00000000e0000000,0x00000000e372f618,0x00000000e6980000)
  from space 10240K, 85% used [0x00000000e7480000,0x00000000e7d0f778,0x00000000e7e80000)
  to   space 10752K, 0% used [0x00000000e6980000,0x00000000e6980000,0x00000000e7400000)
 ParOldGen       total 57344K, used 7624K [0x00000000a0000000, 0x00000000a3800000, 0x00000000e0000000)
  object space 57344K, 13% used [0x00000000a0000000,0x00000000a07721b0,0x00000000a3800000)
 Metaspace       used 34500K, capacity 35218K, committed 35416K, reserved 1079296K
  class space    used 4738K, capacity 4970K, committed 4992K, reserved 1048576K
Event: 10.225 GC heap after
Heap after GC invocations=10 (full 1):
 PSYoungGen      total 118784K, used 10733K [0x00000000e0000000, 0x00000000e7e80000, 0x0000000100000000)
  eden space 108032K, 0% used [0x00000000e0000000,0x00000000e0000000,0x00000000e6980000)
  from space 10752K, 99% used [0x00000000e6980000,0x00000000e73fb5b0,0x00000000e7400000)
  to   space 10240K, 0% used [0x00000000e7480000,0x00000000e7480000,0x00000000e7e80000)
 ParOldGen       total 57344K, used 8117K [0x00000000a0000000, 0x00000000a3800000, 0x00000000e0000000)
  object space 57344K, 14% used [0x00000000a0000000,0x00000000a07ed4c8,0x00000000a3800000)
 Metaspace       used 34500K, capacity 35218K, committed 35416K, reserved 1079296K
  class space    used 4738K, capacity 4970K, committed 4992K, reserved 1048576K
}
Event: 10.225 GC heap before
{Heap before GC invocations=11 (full 2):
 PSYoungGen      total 118784K, used 10733K [0x00000000e0000000, 0x00000000e7e80000, 0x0000000100000000)
  eden space 108032K, 0% used [0x00000000e0000000,0x00000000e0000000,0x00000000e6980000)
  from space 10752K, 99% used [0x00000000e6980000,0x00000000e73fb5b0,0x00000000e7400000)
  to   space 10240K, 0% used [0x00000000e7480000,0x00000000e7480000,0x00000000e7e80000)
 ParOldGen       total 57344K, used 8117K [0x00000000a0000000, 0x00000000a3800000, 0x00000000e0000000)
  object space 57344K, 14% used [0x00000000a0000000,0x00000000a07ed4c8,0x00000000a3800000)
 Metaspace       used 34500K, capacity 35218K, committed 35416K, reserved 1079296K
  class space    used 4738K, capacity 4970K, committed 4992K, reserved 1048576K
Event: 10.327 GC heap after
Heap after GC invocations=11 (full 2):
 PSYoungGen      total 118784K, used 0K [0x00000000e0000000, 0x00000000e7e80000, 0x0000000100000000)
  eden space 108032K, 0% used [0x00000000e0000000,0x00000000e0000000,0x00000000e6980000)
  from space 10752K, 0% used [0x00000000e6980000,0x00000000e6980000,0x00000000e7400000)
  to   space 10240K, 0% used [0x00000000e7480000,0x00000000e7480000,0x00000000e7e80000)
 ParOldGen       total 89088K, used 17711K [0x00000000a0000000, 0x00000000a5700000, 0x00000000e0000000)
  object space 89088K, 19% used [0x00000000a0000000,0x00000000a114bc18,0x00000000a5700000)
 Metaspace       used 34482K, capacity 35158K, committed 35416K, reserved 1079296K
  class space    used 4733K, capacity 4960K, committed 4992K, reserved 1048576K
}
Event: 12.917 GC heap before
{Heap before GC invocations=12 (full 2):
 PSYoungGen      total 118784K, used 108032K [0x00000000e0000000, 0x00000000e7e80000, 0x0000000100000000)
  eden space 108032K, 100% used [0x00000000e0000000,0x00000000e6980000,0x00000000e6980000)
  from space 10752K, 0% used [0x00000000e6980000,0x00000000e6980000,0x00000000e7400000)
  to   space 10240K, 0% used [0x00000000e7480000,0x00000000e7480000,0x00000000e7e80000)
 ParOldGen       total 89088K, used 17711K [0x00000000a0000000, 0x00000000a5700000, 0x00000000e0000000)
  object space 89088K, 19% used [0x00000000a0000000,0x00000000a114bc18,0x00000000a5700000)
 Metaspace       used 45028K, capacity 45972K, committed 46296K, reserved 1089536K
  class space    used 6052K, capacity 6318K, committed 6400K, reserved 1048576K
Event: 12.939 GC heap after
Heap after GC invocations=12 (full 2):
 PSYoungGen      total 115200K, used 10213K [0x00000000e0000000, 0x00000000ea480000, 0x0000000100000000)
  eden space 104960K, 0% used [0x00000000e0000000,0x00000000e0000000,0x00000000e6680000)
  from space 10240K, 99% used [0x00000000e7480000,0x00000000e7e79480,0x00000000e7e80000)
  to   space 14336K, 0% used [0x00000000e6680000,0x00000000e6680000,0x00000000e7480000)
 ParOldGen       total 89088K, used 21770K [0x00000000a0000000, 0x00000000a5700000, 0x00000000e0000000)
  object space 89088K, 24% used [0x00000000a0000000,0x00000000a1542960,0x00000000a5700000)
 Metaspace       used 45028K, capacity 45972K, committed 46296K, reserved 1089536K
  class space    used 6052K, capacity 6318K, committed 6400K, reserved 1048576K
}

