# JRE version: OpenJDK Runtime Environment (8.0_212-b04) (build 1.8.0_212-release-1586-b04)
# Java VM: OpenJDK 64-Bit Server VM (25.212-b04 mixed mode windows-amd64 compressed oops)
Heap:
 PSYoungGen      total 77312K, used 14594K [0x00000000e0000000, 0x00000000e6b00000, 0x0000000100000000)
  eden space 64000K, 11% used [0x00000000e0000000,0x00000000e072a018,0x00000000e3e80000)
  from space 13312K, 54% used [0x00000000e3e80000,0x00000000e4596830,0x00000000e4b80000)
  to   space 12800K, 0% used [0x00000000e5e80000,0x00000000e5e80000,0x00000000e6b00000)
 ParOldGen       total 57344K, used 24517K [0x00000000a0000000, 0x00000000a3800000, 0x00000000e0000000)
  object space 57344K, 42% used [0x00000000a0000000,0x00000000a17f1720,0x00000000a3800000)
 Metaspace       used 47284K, capacity 48510K, committed 48808K, reserved 1091584K
  class space    used 6365K, capacity 6702K, committed 6824K, reserved 1048576K
GC Heap History (10 events):
Event: 7.874 GC heap before
{Heap before GC invocations=9 (full 1):
 PSYoungGen      total 76800K, used 74636K [0x00000000e0000000, 0x00000000e5500000, 0x0000000100000000)
  eden space 66560K, 100% used [0x00000000e0000000,0x00000000e4100000,0x00000000e4100000)
  from space 10240K, 78% used [0x00000000e4100000,0x00000000e48e3140,0x00000000e4b00000)
  to   space 9728K, 0% used [0x00000000e4b80000,0x00000000e4b80000,0x00000000e5500000)
 ParOldGen       total 57344K, used 8264K [0x00000000a0000000, 0x00000000a3800000, 0x00000000e0000000)
  object space 57344K, 14% used [0x00000000a0000000,0x00000000a08121b0,0x00000000a3800000)
 Metaspace       used 32176K, capacity 32756K, committed 33152K, reserved 1077248K
  class space    used 4441K, capacity 4617K, committed 4736K, reserved 1048576K
Event: 7.886 GC heap after
Heap after GC invocations=9 (full 1):
 PSYoungGen      total 76288K, used 8584K [0x00000000e0000000, 0x00000000e5500000, 0x0000000100000000)
  eden space 66560K, 0% used [0x00000000e0000000,0x00000000e0000000,0x00000000e4100000)
  from space 9728K, 88% used [0x00000000e4b80000,0x00000000e53e2088,0x00000000e5500000)
  to   space 10240K, 0% used [0x00000000e4100000,0x00000000e4100000,0x00000000e4b00000)
 ParOldGen       total 57344K, used 8272K [0x00000000a0000000, 0x00000000a3800000, 0x00000000e0000000)
  object space 57344K, 14% used [0x00000000a0000000,0x00000000a08141b0,0x00000000a3800000)
 Metaspace       used 32176K, capacity 32756K, committed 33152K, reserved 1077248K
  class space    used 4441K, capacity 4617K, committed 4736K, reserved 1048576K
}
Event: 9.139 GC heap before
{Heap before GC invocations=10 (full 1):
 PSYoungGen      total 76288K, used 64088K [0x00000000e0000000, 0x00000000e5500000, 0x0000000100000000)
  eden space 66560K, 83% used [0x00000000e0000000,0x00000000e3634060,0x00000000e4100000)
  from space 9728K, 88% used [0x00000000e4b80000,0x00000000e53e2088,0x00000000e5500000)
  to   space 10240K, 0% used [0x00000000e4100000,0x00000000e4100000,0x00000000e4b00000)
 ParOldGen       total 57344K, used 8272K [0x00000000a0000000, 0x00000000a3800000, 0x00000000e0000000)
  object space 57344K, 14% used [0x00000000a0000000,0x00000000a08141b0,0x00000000a3800000)
 Metaspace       used 34667K, capacity 35464K, committed 35496K, reserved 1079296K
  class space    used 4773K, capacity 5029K, committed 5032K, reserved 1048576K
Event: 9.151 GC heap after
Heap after GC invocations=10 (full 1):
 PSYoungGen      total 76800K, used 10210K [0x00000000e0000000, 0x00000000e5500000, 0x0000000100000000)
  eden space 66560K, 0% used [0x00000000e0000000,0x00000000e0000000,0x00000000e4100000)
  from space 10240K, 99% used [0x00000000e4100000,0x00000000e4af8bd0,0x00000000e4b00000)
  to   space 9728K, 0% used [0x00000000e4b80000,0x00000000e4b80000,0x00000000e5500000)
 ParOldGen       total 57344K, used 9116K [0x00000000a0000000, 0x00000000a3800000, 0x00000000e0000000)
  object space 57344K, 15% used [0x00000000a0000000,0x00000000a08e7088,0x00000000a3800000)
 Metaspace       used 34667K, capacity 35464K, committed 35496K, reserved 1079296K
  class space    used 4773K, capacity 5029K, committed 5032K, reserved 1048576K
}
Event: 9.151 GC heap before
{Heap before GC invocations=11 (full 2):
 PSYoungGen      total 76800K, used 10210K [0x00000000e0000000, 0x00000000e5500000, 0x0000000100000000)
  eden space 66560K, 0% used [0x00000000e0000000,0x00000000e0000000,0x00000000e4100000)
  from space 10240K, 99% used [0x00000000e4100000,0x00000000e4af8bd0,0x00000000e4b00000)
  to   space 9728K, 0% used [0x00000000e4b80000,0x00000000e4b80000,0x00000000e5500000)
 ParOldGen       total 57344K, used 9116K [0x00000000a0000000, 0x00000000a3800000, 0x00000000e0000000)
  object space 57344K, 15% used [0x00000000a0000000,0x00000000a08e7088,0x00000000a3800000)
 Metaspace       used 34667K, capacity 35464K, committed 35496K, reserved 1079296K
  class space    used 4773K, capacity 5029K, committed 5032K, reserved 1048576K
Event: 9.246 GC heap after
Heap after GC invocations=11 (full 2):
 PSYoungGen      total 76800K, used 0K [0x00000000e0000000, 0x00000000e5500000, 0x0000000100000000)
  eden space 66560K, 0% used [0x00000000e0000000,0x00000000e0000000,0x00000000e4100000)
  from space 10240K, 0% used [0x00000000e4100000,0x00000000e4100000,0x00000000e4b00000)
  to   space 9728K, 0% used [0x00000000e4b80000,0x00000000e4b80000,0x00000000e5500000)
 ParOldGen       total 57344K, used 17891K [0x00000000a0000000, 0x00000000a3800000, 0x00000000e0000000)
  object space 57344K, 31% used [0x00000000a0000000,0x00000000a1178d48,0x00000000a3800000)
 Metaspace       used 34649K, capacity 35404K, committed 35496K, reserved 1079296K
  class space    used 4768K, capacity 5019K, committed 5032K, reserved 1048576K
}
Event: 10.515 GC heap before
{Heap before GC invocations=12 (full 2):
 PSYoungGen      total 76800K, used 66560K [0x00000000e0000000, 0x00000000e5500000, 0x0000000100000000)
  eden space 66560K, 100% used [0x00000000e0000000,0x00000000e4100000,0x00000000e4100000)
  from space 10240K, 0% used [0x00000000e4100000,0x00000000e4100000,0x00000000e4b00000)
  to   space 9728K, 0% used [0x00000000e4b80000,0x00000000e4b80000,0x00000000e5500000)
 ParOldGen       total 57344K, used 17891K [0x00000000a0000000, 0x00000000a3800000, 0x00000000e0000000)
  object space 57344K, 31% used [0x00000000a0000000,0x00000000a1178d48,0x00000000a3800000)
 Metaspace       used 42461K, capacity 43448K, committed 43688K, reserved 1087488K
  class space    used 5743K, capacity 6022K, committed 6056K, reserved 1048576K
Event: 10.530 GC heap after
Heap after GC invocations=12 (full 2):
 PSYoungGen      total 73728K, used 9706K [0x00000000e0000000, 0x00000000e6e00000, 0x0000000100000000)
  eden space 64000K, 0% used [0x00000000e0000000,0x00000000e0000000,0x00000000e3e80000)
  from space 9728K, 99% used [0x00000000e4b80000,0x00000000e54fa9d0,0x00000000e5500000)
  to   space 13312K, 0% used [0x00000000e3e80000,0x00000000e3e80000,0x00000000e4b80000)
 ParOldGen       total 57344K, used 20426K [0x00000000a0000000, 0x00000000a3800000, 0x00000000e0000000)
  object space 57344K, 35% used [0x00000000a0000000,0x00000000a13f2958,0x00000000a3800000)
 Metaspace       used 42461K, capacity 43448K, committed 43688K, reserved 1087488K
  class space    used 5743K, capacity 6022K, committed 6056K, reserved 1048576K
}
Event: 11.606 GC heap before
{Heap before GC invocations=13 (full 2):
 PSYoungGen      total 73728K, used 73706K [0x00000000e0000000, 0x00000000e6e00000, 0x0000000100000000)
  eden space 64000K, 100% used [0x00000000e0000000,0x00000000e3e80000,0x00000000e3e80000)
  from space 9728K, 99% used [0x00000000e4b80000,0x00000000e54fa9d0,0x00000000e5500000)
  to   space 13312K, 0% used [0x00000000e3e80000,0x00000000e3e80000,0x00000000e4b80000)
 ParOldGen       total 57344K, used 20426K [0x00000000a0000000, 0x00000000a3800000, 0x00000000e0000000)
  object space 57344K, 35% used [0x00000000a0000000,0x00000000a13f2958,0x00000000a3800000)
 Metaspace       used 45651K, capacity 46672K, committed 47016K, reserved 1089536K
  class space    used 6162K, capacity 6485K, committed 6568K, reserved 1048576K
Event: 11.632 GC heap after
Heap after GC invocations=13 (full 2):
 PSYoungGen      total 77312K, used 7258K [0x00000000e0000000, 0x00000000e6b00000, 0x0000000100000000)
  eden space 64000K, 0% used [0x00000000e0000000,0x00000000e0000000,0x00000000e3e80000)
  from space 13312K, 54% used [0x00000000e3e80000,0x00000000e4596830,0x00000000e4b80000)
  to   space 12800K, 0% used [0x00000000e5e80000,0x00000000e5e80000,0x00000000e6b00000)
 ParOldGen       total 57344K, used 24517K [0x00000000a0000000, 0x00000000a3800000, 0x00000000e0000000)
  object space 57344K, 42% used [0x00000000a0000000,0x00000000a17f1720,0x00000000a3800000)
 Metaspace       used 45651K, capacity 46672K, committed 47016K, reserved 1089536K
  class space    used 6162K, capacity 6485K, committed 6568K, reserved 1048576K
}

